TN:
SF:src\App.tsx
FN:24,App
FNF:1
FNH:0
FNDA:0,App
DA:27,0
LF:1
LH:0
BRF:0
BRH:0
end_of_record
TN:
SF:src\api\accounts.ts
FN:22,(anonymous_0)
FN:24,(anonymous_1)
FN:25,(anonymous_2)
FN:27,(anonymous_3)
FN:29,(anonymous_4)
FNF:5
FNH:0
FNDA:0,(anonymous_0)
FNDA:0,(anonymous_1)
FNDA:0,(anonymous_2)
FNDA:0,(anonymous_3)
FNDA:0,(anonymous_4)
DA:21,0
DA:23,0
DA:24,0
DA:26,0
DA:28,0
DA:29,0
LF:6
LH:0
BRF:0
BRH:0
end_of_record
TN:
SF:src\api\auth.ts
FN:13,(anonymous_0)
FN:16,(anonymous_1)
FN:19,(anonymous_2)
FN:21,(anonymous_3)
FN:24,(anonymous_4)
FNF:5
FNH:0
FNDA:0,(anonymous_0)
FNDA:0,(anonymous_1)
FNDA:0,(anonymous_2)
FNDA:0,(anonymous_3)
FNDA:0,(anonymous_4)
DA:12,0
DA:14,0
DA:17,0
DA:19,0
DA:22,0
DA:24,0
LF:6
LH:0
BRF:0
BRH:0
end_of_record
TN:
SF:src\api\banks.ts
FN:17,(anonymous_0)
FN:18,(anonymous_1)
FN:19,(anonymous_2)
FN:20,(anonymous_3)
FNF:4
FNH:0
FNDA:0,(anonymous_0)
FNDA:0,(anonymous_1)
FNDA:0,(anonymous_2)
FNDA:0,(anonymous_3)
DA:16,0
DA:17,0
DA:18,0
DA:19,0
DA:20,0
LF:5
LH:0
BRF:0
BRH:0
end_of_record
TN:
SF:src\api\categories.ts
FN:21,(anonymous_0)
FN:22,(anonymous_1)
FN:23,(anonymous_2)
FN:24,(anonymous_3)
FNF:4
FNH:0
FNDA:0,(anonymous_0)
FNDA:0,(anonymous_1)
FNDA:0,(anonymous_2)
FNDA:0,(anonymous_3)
DA:20,0
DA:21,0
DA:22,0
DA:23,0
DA:24,0
LF:5
LH:0
BRF:0
BRH:0
end_of_record
TN:
SF:src\api\countries.ts
FN:22,(anonymous_0)
FN:23,(anonymous_1)
FN:24,(anonymous_2)
FN:25,(anonymous_3)
FNF:4
FNH:0
FNDA:0,(anonymous_0)
FNDA:0,(anonymous_1)
FNDA:0,(anonymous_2)
FNDA:0,(anonymous_3)
DA:21,0
DA:22,0
DA:23,0
DA:24,0
DA:25,0
LF:5
LH:0
BRF:0
BRH:0
end_of_record
TN:
SF:src\api\investmentEntities.ts
FN:30,(anonymous_0)
FN:31,(anonymous_1)
FN:32,(anonymous_2)
FN:33,(anonymous_3)
FNF:4
FNH:0
FNDA:0,(anonymous_0)
FNDA:0,(anonymous_1)
FNDA:0,(anonymous_2)
FNDA:0,(anonymous_3)
DA:20,0
DA:29,0
DA:30,0
DA:31,0
DA:32,0
DA:33,0
LF:6
LH:0
BRF:0
BRH:0
end_of_record
TN:
SF:src\api\investments.ts
FN:27,(anonymous_0)
FN:28,(anonymous_1)
FN:29,(anonymous_2)
FN:30,(anonymous_3)
FN:31,(anonymous_4)
FNF:5
FNH:0
FNDA:0,(anonymous_0)
FNDA:0,(anonymous_1)
FNDA:0,(anonymous_2)
FNDA:0,(anonymous_3)
FNDA:0,(anonymous_4)
DA:5,0
DA:26,0
DA:27,0
DA:28,0
DA:29,0
DA:30,0
DA:31,0
LF:7
LH:0
BRF:0
BRH:0
end_of_record
TN:
SF:src\api\metrics.ts
FN:6,(anonymous_0)
FN:9,(anonymous_1)
FNF:2
FNH:0
FNDA:0,(anonymous_0)
FNDA:0,(anonymous_1)
DA:5,0
DA:7,0
DA:15,0
LF:3
LH:0
BRDA:6,0,0,0
BRF:1
BRH:0
end_of_record
TN:
SF:src\api\pockets.ts
FN:26,(anonymous_0)
FN:27,(anonymous_1)
FN:28,(anonymous_2)
FN:29,(anonymous_3)
FN:31,(anonymous_4)
FN:33,(anonymous_5)
FNF:6
FNH:0
FNDA:0,(anonymous_0)
FNDA:0,(anonymous_1)
FNDA:0,(anonymous_2)
FNDA:0,(anonymous_3)
FNDA:0,(anonymous_4)
FNDA:0,(anonymous_5)
DA:25,0
DA:26,0
DA:27,0
DA:28,0
DA:30,0
DA:32,0
DA:33,0
LF:7
LH:0
BRF:0
BRH:0
end_of_record
TN:
SF:src\api\transactions.ts
FN:34,(anonymous_0)
FN:36,(anonymous_1)
FN:37,(anonymous_2)
FN:39,(anonymous_3)
FN:41,(anonymous_4)
FN:42,(anonymous_5)
FNF:6
FNH:0
FNDA:0,(anonymous_0)
FNDA:0,(anonymous_1)
FNDA:0,(anonymous_2)
FNDA:0,(anonymous_3)
FNDA:0,(anonymous_4)
FNDA:0,(anonymous_5)
DA:33,0
DA:35,0
DA:36,0
DA:38,0
DA:40,0
DA:41,0
DA:43,0
LF:7
LH:0
BRF:0
BRH:0
end_of_record
TN:
SF:src\components\ErrorBoundary.tsx
FN:19,(anonymous_0)
FN:24,(anonymous_1)
FN:30,(anonymous_2)
FN:35,(anonymous_3)
FN:41,(anonymous_4)
FNF:5
FNH:5
FNDA:8,(anonymous_0)
FNDA:1,(anonymous_1)
FNDA:4,(anonymous_2)
FNDA:1,(anonymous_3)
FNDA:17,(anonymous_4)
DA:20,8
DA:21,8
DA:26,8
DA:27,8
DA:32,4
DA:35,1
DA:36,1
DA:38,1
DA:42,17
DA:44,8
LF:10
LH:10
BRDA:26,0,0,8
BRDA:26,0,1,0
BRDA:42,1,0,9
BRDA:42,1,1,8
BRDA:76,2,0,8
BRDA:76,2,1,8
BRF:6
BRH:5
end_of_record
TN:
SF:src\components\ProtectedRoute.tsx
FN:9,ProtectedRoute
FN:11,(anonymous_1)
FNF:2
FNH:2
FNDA:2,ProtectedRoute
FNDA:6,(anonymous_1)
DA:11,6
DA:13,2
DA:14,1
LF:3
LH:3
BRDA:13,0,0,1
BRDA:13,0,1,1
BRF:2
BRH:2
end_of_record
TN:
SF:src\components\ui\AmountInput.tsx
FN:27,formatDisplay
FN:39,displayToRawCursor
FN:48,rawToDisplayCursor
FN:58,AmountInput
FN:69,(anonymous_4)
FN:71,(anonymous_5)
FN:77,applyRaw
FN:90,(anonymous_7)
FN:96,handleKeyDown
FN:132,handlePaste
FN:141,(anonymous_10)
FN:151,(anonymous_11)
FN:177,(anonymous_12)
FNF:13
FNH:0
FNDA:0,formatDisplay
FNDA:0,displayToRawCursor
FNDA:0,rawToDisplayCursor
FNDA:0,AmountInput
FNDA:0,(anonymous_4)
FNDA:0,(anonymous_5)
FNDA:0,applyRaw
FNDA:0,(anonymous_7)
FNDA:0,handleKeyDown
FNDA:0,handlePaste
FNDA:0,(anonymous_10)
FNDA:0,(anonymous_11)
FNDA:0,(anonymous_12)
DA:10,0
DA:28,0
DA:30,0
DA:31,0
DA:33,0
DA:34,0
DA:40,0
DA:41,0
DA:42,0
DA:44,0
DA:49,0
DA:50,0
DA:51,0
DA:52,0
DA:53,0
DA:55,0
DA:66,0
DA:67,0
DA:68,0
DA:69,0
DA:71,0
DA:72,0
DA:73,0
DA:78,0
DA:80,0
DA:83,0
DA:84,0
DA:85,0
DA:87,0
DA:88,0
DA:89,0
DA:90,0
DA:91,0
DA:92,0
DA:97,0
DA:98,0
DA:99,0
DA:101,0
DA:103,0
DA:104,0
DA:105,0
DA:106,0
DA:107,0
DA:109,0
DA:110,0
DA:111,0
DA:112,0
DA:113,0
DA:115,0
DA:116,0
DA:117,0
DA:118,0
DA:119,0
DA:121,0
DA:122,0
DA:123,0
DA:125,0
DA:126,0
DA:127,0
DA:128,0
DA:133,0
DA:134,0
DA:135,0
DA:136,0
DA:137,0
DA:138,0
DA:139,0
DA:140,0
DA:141,0
DA:144,0
DA:145,0
DA:161,0
LF:72
LH:0
BRDA:28,0,0,0
BRDA:28,0,1,0
BRDA:30,1,0,0
BRDA:30,1,1,0
BRDA:33,2,0,0
BRDA:33,2,1,0
BRDA:34,3,0,0
BRDA:34,3,1,0
BRDA:41,4,0,0
BRDA:41,4,1,0
BRDA:42,5,0,0
BRDA:42,5,1,0
BRDA:51,6,0,0
BRDA:51,6,1,0
BRDA:52,7,0,0
BRDA:52,7,1,0
BRDA:62,8,0,0
BRDA:63,9,0,0
BRDA:64,10,0,0
BRDA:66,11,0,0
BRDA:66,11,1,0
BRDA:66,12,0,0
BRDA:66,12,1,0
BRDA:72,13,0,0
BRDA:72,13,1,0
BRDA:80,14,0,0
BRDA:80,14,1,0
BRDA:80,15,0,0
BRDA:80,15,1,0
BRDA:98,16,0,0
BRDA:98,16,1,0
BRDA:99,17,0,0
BRDA:99,17,1,0
BRDA:99,18,0,0
BRDA:99,18,1,0
BRDA:104,19,0,0
BRDA:104,19,1,0
BRDA:105,20,0,0
BRDA:105,20,1,0
BRDA:109,21,0,0
BRDA:109,21,1,0
BRDA:110,22,0,0
BRDA:110,22,1,0
BRDA:112,23,0,0
BRDA:112,23,1,0
BRDA:115,24,0,0
BRDA:115,24,1,0
BRDA:116,25,0,0
BRDA:116,25,1,0
BRDA:118,26,0,0
BRDA:118,26,1,0
BRDA:121,27,0,0
BRDA:121,27,1,0
BRDA:122,28,0,0
BRDA:122,28,1,0
BRDA:125,29,0,0
BRDA:125,29,1,0
BRDA:127,30,0,0
BRDA:127,30,1,0
BRDA:127,31,0,0
BRDA:127,31,1,0
BRDA:127,31,2,0
BRDA:127,31,3,0
BRDA:137,32,0,0
BRDA:137,32,1,0
BRDA:144,33,0,0
BRDA:144,33,1,0
BRDA:165,34,0,0
BRDA:165,34,1,0
BRDA:184,35,0,0
BRDA:184,35,1,0
BRF:71
BRH:0
end_of_record
TN:
SF:src\components\ui\AuthLoadingOverlay.tsx
FN:6,AuthLoadingOverlay
FNF:1
FNH:0
FNDA:0,AuthLoadingOverlay
DA:7,0
LF:1
LH:0
BRF:0
BRH:0
end_of_record
TN:
SF:src\components\ui\Badge.tsx
FN:7,Badge
FNF:1
FNH:0
FNDA:0,Badge
DA:8,0
DA:15,0
LF:2
LH:0
BRDA:7,0,0,0
BRDA:7,1,0,0
BRF:2
BRH:0
end_of_record
TN:
SF:src\components\ui\ConfirmDeleteModal.tsx
FN:13,ConfirmDeleteModal
FNF:1
FNH:0
FNDA:0,ConfirmDeleteModal
DA:21,0
DA:22,0
DA:23,0
DA:24,0
DA:25,0
LF:5
LH:0
BRDA:17,0,0,0
BRDA:22,1,0,0
BRDA:22,1,1,0
BRDA:23,2,0,0
BRDA:23,2,1,0
BRDA:24,3,0,0
BRDA:24,3,1,0
BRDA:59,4,0,0
BRDA:59,4,1,0
BRF:9
BRH:0
end_of_record
TN:
SF:src\components\ui\DatePicker.tsx
FN:16,parseIsoDate
FN:22,toIsoDate
FN:29,isSameDay
FN:33,isBetween
FN:39,buildCalendarDays
FN:46,(anonymous_5)
FN:53,DatePicker
FN:57,(anonymous_7)
FN:60,(anonymous_8)
FN:61,(anonymous_9)
FN:62,(anonymous_10)
FN:64,(anonymous_11)
FN:68,(anonymous_12)
FN:69,onDocMouseDown
FN:72,onDocKeyDown
FN:78,(anonymous_15)
FN:84,(anonymous_16)
FN:87,(anonymous_17)
FN:88,(anonymous_18)
FN:107,(anonymous_19)
FN:109,(anonymous_20)
FN:162,(anonymous_21)
FN:168,(anonymous_22)
FN:178,(anonymous_23)
FNF:24
FNH:0
FNDA:0,parseIsoDate
FNDA:0,toIsoDate
FNDA:0,isSameDay
FNDA:0,isBetween
FNDA:0,buildCalendarDays
FNDA:0,(anonymous_5)
FNDA:0,DatePicker
FNDA:0,(anonymous_7)
FNDA:0,(anonymous_8)
FNDA:0,(anonymous_9)
FNDA:0,(anonymous_10)
FNDA:0,(anonymous_11)
FNDA:0,(anonymous_12)
FNDA:0,onDocMouseDown
FNDA:0,onDocKeyDown
FNDA:0,(anonymous_15)
FNDA:0,(anonymous_16)
FNDA:0,(anonymous_17)
FNDA:0,(anonymous_18)
FNDA:0,(anonymous_19)
FNDA:0,(anonymous_20)
FNDA:0,(anonymous_21)
FNDA:0,(anonymous_22)
FNDA:0,(anonymous_23)
DA:13,0
DA:14,0
DA:17,0
DA:18,0
DA:19,0
DA:23,0
DA:24,0
DA:25,0
DA:26,0
DA:30,0
DA:34,0
DA:35,0
DA:36,0
DA:40,0
DA:41,0
DA:42,0
DA:43,0
DA:44,0
DA:46,0
DA:47,0
DA:48,0
DA:49,0
DA:54,0
DA:55,0
DA:56,0
DA:57,0
DA:58,0
DA:60,0
DA:61,0
DA:62,0
DA:64,0
DA:65,0
DA:68,0
DA:70,0
DA:73,0
DA:76,0
DA:77,0
DA:78,0
DA:79,0
DA:80,0
DA:84,0
DA:85,0
DA:87,0
DA:88,0
DA:90,0
DA:98,0
DA:108,0
DA:109,0
DA:110,0
DA:111,0
DA:112,0
DA:113,0
DA:114,0
DA:115,0
DA:117,0
DA:163,0
DA:169,0
DA:170,0
DA:171,0
DA:173,0
DA:179,0
DA:180,0
LF:62
LH:0
BRDA:18,0,0,0
BRDA:18,0,1,0
BRDA:18,1,0,0
BRDA:18,1,1,0
BRDA:18,1,2,0
BRDA:30,2,0,0
BRDA:30,2,1,0
BRDA:30,2,2,0
BRDA:34,3,0,0
BRDA:34,3,1,0
BRDA:34,4,0,0
BRDA:34,4,1,0
BRDA:35,5,0,0
BRDA:35,5,1,0
BRDA:35,6,0,0
BRDA:35,6,1,0
BRDA:53,7,0,0
BRDA:53,8,0,0
BRDA:61,9,0,0
BRDA:61,9,1,0
BRDA:62,10,0,0
BRDA:62,10,1,0
BRDA:70,11,0,0
BRDA:70,11,1,0
BRDA:70,12,0,0
BRDA:70,12,1,0
BRDA:73,13,0,0
BRDA:73,13,1,0
BRDA:90,14,0,0
BRDA:90,14,1,0
BRDA:100,15,0,0
BRDA:100,15,1,0
BRDA:102,16,0,0
BRDA:102,16,1,0
BRDA:108,17,0,0
BRDA:108,17,1,0
BRDA:110,18,0,0
BRDA:110,18,1,0
BRDA:110,19,0,0
BRDA:110,19,1,0
BRDA:114,20,0,0
BRDA:114,20,1,0
BRDA:115,21,0,0
BRDA:115,21,1,0
BRDA:120,22,0,0
BRDA:120,22,1,0
BRDA:129,23,0,0
BRDA:129,23,1,0
BRDA:129,24,0,0
BRDA:129,24,1,0
BRDA:130,25,0,0
BRDA:130,25,1,0
BRDA:139,26,0,0
BRDA:139,26,1,0
BRDA:139,26,2,0
BRDA:140,27,0,0
BRDA:140,27,1,0
BRDA:140,28,0,0
BRDA:140,28,1,0
BRDA:184,29,0,0
BRDA:184,29,1,0
BRDA:185,30,0,0
BRDA:185,30,1,0
BRDA:185,31,0,0
BRDA:185,31,1,0
BRDA:186,32,0,0
BRDA:186,32,1,0
BRDA:186,33,0,0
BRDA:186,33,1,0
BRDA:187,34,0,0
BRDA:187,34,1,0
BRF:71
BRH:0
end_of_record
TN:
SF:src\components\ui\DeleteButton.tsx
FN:9,DeleteButton
FNF:1
FNH:0
FNDA:0,DeleteButton
DA:10,0
LF:1
LH:0
BRDA:9,0,0,0
BRDA:9,1,0,0
BRDA:16,2,0,0
BRDA:16,2,1,0
BRF:4
BRH:0
end_of_record
TN:
SF:src\components\ui\EditButton.tsx
FN:8,EditButton
FNF:1
FNH:0
FNDA:0,EditButton
DA:9,0
LF:1
LH:0
BRDA:8,0,0,0
BRF:1
BRH:0
end_of_record
TN:
SF:src\components\ui\ErrorAlert.tsx
FN:6,ErrorAlert
FNF:1
FNH:0
FNDA:0,ErrorAlert
DA:7,0
DA:8,0
LF:2
LH:0
BRDA:6,0,0,0
BRDA:7,1,0,0
BRDA:7,1,1,0
BRF:3
BRH:0
end_of_record
TN:
SF:src\components\ui\FilterCard.tsx
FN:21,FilterCard
FN:57,(anonymous_1)
FNF:2
FNH:0
FNDA:0,FilterCard
FNDA:0,(anonymous_1)
DA:29,0
DA:31,0
DA:58,0
DA:65,0
DA:66,0
DA:69,0
LF:6
LH:0
BRDA:23,0,0,0
BRDA:25,1,0,0
BRDA:26,2,0,0
BRDA:37,3,0,0
BRDA:37,3,1,0
BRDA:37,3,2,0
BRDA:55,4,0,0
BRDA:55,4,1,0
BRDA:65,5,0,0
BRDA:65,5,1,0
BRF:10
BRH:0
end_of_record
TN:
SF:src\components\ui\FloatingActionMenu.tsx
FN:16,FloatingActionMenu
FN:25,handleItemClick
FN:34,(anonymous_2)
FN:36,(anonymous_3)
FN:40,(anonymous_4)
FN:54,(anonymous_5)
FN:54,(anonymous_6)
FNF:7
FNH:0
FNDA:0,FloatingActionMenu
FNDA:0,handleItemClick
FNDA:0,(anonymous_2)
FNDA:0,(anonymous_3)
FNDA:0,(anonymous_4)
FNDA:0,(anonymous_5)
FNDA:0,(anonymous_6)
DA:21,0
DA:23,0
DA:26,0
DA:27,0
DA:30,0
DA:34,0
DA:37,0
DA:40,0
DA:54,0
LF:9
LH:0
BRDA:18,0,0,0
BRDA:19,1,0,0
BRDA:23,2,0,0
BRDA:23,2,1,0
BRDA:23,3,0,0
BRDA:23,3,1,0
BRDA:32,4,0,0
BRDA:32,4,1,0
BRDA:43,5,0,0
BRDA:43,5,1,0
BRDA:56,6,0,0
BRDA:56,6,1,0
BRDA:61,7,0,0
BRDA:61,7,1,0
BRF:14
BRH:0
end_of_record
TN:
SF:src\components\ui\FormField.tsx
FN:13,FormField
FNF:1
FNH:0
FNDA:0,FormField
DA:14,0
LF:1
LH:0
BRDA:13,0,0,0
BRDA:20,1,0,0
BRDA:20,1,1,0
BRDA:24,2,0,0
BRDA:24,2,1,0
BRF:5
BRH:0
end_of_record
TN:
SF:src\components\ui\IconActionButton.tsx
FN:11,IconActionButton
FNF:1
FNH:0
FNDA:0,IconActionButton
DA:18,0
DA:22,0
LF:2
LH:0
BRDA:15,0,0,0
BRDA:16,1,0,0
BRDA:18,2,0,0
BRDA:18,2,1,0
BRF:4
BRH:0
end_of_record
TN:
SF:src\components\ui\InlineAlert.tsx
FN:30,InlineAlert
FNF:1
FNH:0
FNDA:0,InlineAlert
DA:9,0
DA:31,0
DA:32,0
LF:3
LH:0
BRDA:30,0,0,0
BRDA:30,1,0,0
BRF:2
BRH:0
end_of_record
TN:
SF:src\components\ui\LanguageSwitcher.tsx
FN:9,LanguageSwitcher
FN:15,(anonymous_1)
FN:17,handleSelect
FN:23,(anonymous_3)
FN:24,onClickOutside
FN:28,(anonymous_5)
FN:34,(anonymous_6)
FN:34,(anonymous_7)
FN:53,(anonymous_8)
FN:56,(anonymous_9)
FNF:10
FNH:0
FNDA:0,LanguageSwitcher
FNDA:0,(anonymous_1)
FNDA:0,handleSelect
FNDA:0,(anonymous_3)
FNDA:0,onClickOutside
FNDA:0,(anonymous_5)
FNDA:0,(anonymous_6)
FNDA:0,(anonymous_7)
FNDA:0,(anonymous_8)
FNDA:0,(anonymous_9)
DA:4,0
DA:10,0
DA:11,0
DA:12,0
DA:13,0
DA:15,0
DA:18,0
DA:19,0
DA:20,0
DA:23,0
DA:25,0
DA:27,0
DA:28,0
DA:31,0
DA:34,0
DA:54,0
DA:56,0
LF:17
LH:0
BRDA:15,0,0,0
BRDA:15,0,1,0
BRDA:25,1,0,0
BRDA:25,1,1,0
BRDA:25,2,0,0
BRDA:25,2,1,0
BRDA:44,3,0,0
BRDA:44,3,1,0
BRDA:51,4,0,0
BRDA:51,4,1,0
BRDA:58,5,0,0
BRDA:58,5,1,0
BRDA:64,6,0,0
BRDA:64,6,1,0
BRF:14
BRH:0
end_of_record
TN:
SF:src\components\ui\LoadingSpinner.tsx
FN:8,LoadingSpinner
FNF:1
FNH:0
FNDA:0,LoadingSpinner
DA:9,0
LF:1
LH:0
BRDA:8,0,0,0
BRDA:8,1,0,0
BRDA:14,2,0,0
BRDA:14,2,1,0
BRF:4
BRH:0
end_of_record
TN:
SF:src\components\ui\Modal.tsx
FN:14,Modal
FN:16,(anonymous_1)
FN:17,handleKey
FN:22,(anonymous_3)
FN:27,(anonymous_4)
FN:29,(anonymous_5)
FNF:6
FNH:0
FNDA:0,Modal
FNDA:0,(anonymous_1)
FNDA:0,handleKey
FNDA:0,(anonymous_3)
FNDA:0,(anonymous_4)
FNDA:0,(anonymous_5)
DA:16,0
DA:18,0
DA:20,0
DA:22,0
DA:27,0
DA:28,0
DA:29,0
DA:32,0
LF:8
LH:0
BRDA:14,0,0,0
BRDA:18,1,0,0
BRDA:18,1,1,0
BRF:3
BRH:0
end_of_record
TN:
SF:src\components\ui\Pagination.tsx
FN:28,Pagination
FN:44,(anonymous_1)
FNF:2
FNH:0
FNDA:0,Pagination
FNDA:0,(anonymous_1)
DA:9,0
DA:37,0
DA:38,0
DA:44,0
LF:4
LH:0
BRDA:35,0,0,0
BRF:1
BRH:0
end_of_record
TN:
SF:src\components\ui\SearchInput.tsx
FN:8,SearchInput
FN:24,(anonymous_1)
FN:31,(anonymous_2)
FNF:3
FNH:0
FNDA:0,SearchInput
FNDA:0,(anonymous_1)
FNDA:0,(anonymous_2)
DA:9,0
DA:24,0
DA:31,0
LF:3
LH:0
BRDA:8,0,0,0
BRDA:8,1,0,0
BRDA:28,2,0,0
BRDA:28,2,1,0
BRF:4
BRH:0
end_of_record
TN:
SF:src\components\ui\Select.tsx
FN:22,Select
FN:31,(anonymous_1)
FN:32,handler
FN:36,(anonymous_3)
FN:43,handleOpen
FN:45,(anonymous_5)
FN:87,(anonymous_6)
FN:91,(anonymous_7)
FNF:8
FNH:0
FNDA:0,Select
FNDA:0,(anonymous_1)
FNDA:0,handler
FNDA:0,(anonymous_3)
FNDA:0,handleOpen
FNDA:0,(anonymous_5)
FNDA:0,(anonymous_6)
FNDA:0,(anonymous_7)
DA:23,0
DA:27,0
DA:28,0
DA:31,0
DA:33,0
DA:35,0
DA:36,0
DA:40,0
DA:41,0
DA:44,0
DA:45,0
DA:46,0
DA:48,0
DA:50,0
DA:51,0
DA:53,0
DA:57,0
DA:88,0
DA:91,0
LF:19
LH:0
BRDA:22,0,0,0
BRDA:22,1,0,0
BRDA:22,2,0,0
BRDA:33,3,0,0
BRDA:33,3,1,0
BRDA:33,4,0,0
BRDA:33,4,1,0
BRDA:40,5,0,0
BRDA:40,5,1,0
BRDA:40,5,2,0
BRDA:41,6,0,0
BRDA:41,6,1,0
BRDA:44,7,0,0
BRDA:44,7,1,0
BRDA:46,8,0,0
BRDA:46,8,1,0
BRDA:46,9,0,0
BRDA:46,9,1,0
BRDA:51,10,0,0
BRDA:51,10,1,0
BRDA:58,11,0,0
BRDA:58,11,1,0
BRDA:65,12,0,0
BRDA:65,12,1,0
BRDA:67,13,0,0
BRDA:67,13,1,0
BRDA:74,14,0,0
BRDA:74,14,1,0
BRDA:82,15,0,0
BRDA:82,15,1,0
BRDA:82,15,2,0
BRDA:84,16,0,0
BRDA:84,16,1,0
BRDA:85,17,0,0
BRDA:85,17,1,0
BRDA:93,18,0,0
BRDA:93,18,1,0
BRF:37
BRH:0
end_of_record
TN:
SF:src\components\ui\StickyBar.tsx
FN:19,StickyBar
FNF:1
FNH:0
FNDA:0,StickyBar
DA:20,0
LF:1
LH:0
BRDA:22,0,0,0
BRDA:22,0,1,0
BRF:2
BRH:0
end_of_record
TN:
SF:src\components\ui\TimePicker.tsx
FN:11,parseTime
FN:19,toTimeValue
FN:23,formatDisplay
FN:34,(anonymous_3)
FN:35,(anonymous_4)
FN:37,TimePicker
FN:48,(anonymous_6)
FN:49,(anonymous_7)
FN:51,(anonymous_8)
FN:57,(anonymous_9)
FN:61,(anonymous_10)
FN:65,commitSelection
FN:70,(anonymous_12)
FN:73,onDocPointerDown
FN:80,onDocKeyDown
FN:89,(anonymous_15)
FN:95,(anonymous_16)
FN:112,setHours
FN:116,setMinutes
FN:127,(anonymous_19)
FN:129,(anonymous_20)
FN:175,(anonymous_21)
FN:182,(anonymous_22)
FN:201,(anonymous_23)
FN:208,(anonymous_24)
FNF:25
FNH:0
FNDA:0,parseTime
FNDA:0,toTimeValue
FNDA:0,formatDisplay
FNDA:0,(anonymous_3)
FNDA:0,(anonymous_4)
FNDA:0,TimePicker
FNDA:0,(anonymous_6)
FNDA:0,(anonymous_7)
FNDA:0,(anonymous_8)
FNDA:0,(anonymous_9)
FNDA:0,(anonymous_10)
FNDA:0,commitSelection
FNDA:0,(anonymous_12)
FNDA:0,onDocPointerDown
FNDA:0,onDocKeyDown
FNDA:0,(anonymous_15)
FNDA:0,(anonymous_16)
FNDA:0,setHours
FNDA:0,setMinutes
FNDA:0,(anonymous_19)
FNDA:0,(anonymous_20)
FNDA:0,(anonymous_21)
FNDA:0,(anonymous_22)
FNDA:0,(anonymous_23)
FNDA:0,(anonymous_24)
DA:12,0
DA:13,0
DA:20,0
DA:24,0
DA:25,0
DA:26,0
DA:27,0
DA:34,0
DA:35,0
DA:38,0
DA:39,0
DA:40,0
DA:41,0
DA:42,0
DA:43,0
DA:44,0
DA:45,0
DA:47,0
DA:48,0
DA:49,0
DA:51,0
DA:52,0
DA:53,0
DA:57,0
DA:58,0
DA:61,0
DA:62,0
DA:66,0
DA:67,0
DA:70,0
DA:71,0
DA:74,0
DA:75,0
DA:76,0
DA:81,0
DA:82,0
DA:83,0
DA:87,0
DA:88,0
DA:89,0
DA:90,0
DA:91,0
DA:95,0
DA:96,0
DA:98,0
DA:99,0
DA:100,0
DA:101,0
DA:102,0
DA:103,0
DA:106,0
DA:107,0
DA:108,0
DA:109,0
DA:113,0
DA:117,0
DA:120,0
DA:128,0
DA:129,0
DA:130,0
DA:131,0
DA:132,0
DA:134,0
DA:135,0
DA:176,0
DA:177,0
DA:182,0
DA:202,0
DA:203,0
DA:208,0
LF:70
LH:0
BRDA:14,0,0,0
BRDA:14,0,1,0
BRDA:15,1,0,0
BRDA:15,1,1,0
BRDA:37,2,0,0
BRDA:37,3,0,0
BRDA:47,4,0,0
BRDA:47,4,1,0
BRDA:49,5,0,0
BRDA:49,5,1,0
BRDA:52,6,0,0
BRDA:52,6,1,0
BRDA:71,7,0,0
BRDA:71,7,1,0
BRDA:74,8,0,0
BRDA:74,8,1,0
BRDA:74,9,0,0
BRDA:74,9,1,0
BRDA:81,10,0,0
BRDA:81,10,1,0
BRDA:96,11,0,0
BRDA:96,11,1,0
BRDA:99,12,0,0
BRDA:99,12,1,0
BRDA:103,13,0,0
BRDA:103,13,1,0
BRDA:122,14,0,0
BRDA:122,14,1,0
BRDA:124,15,0,0
BRDA:124,15,1,0
BRDA:128,16,0,0
BRDA:128,16,1,0
BRDA:130,17,0,0
BRDA:130,17,1,0
BRDA:139,18,0,0
BRDA:139,18,1,0
BRDA:146,19,0,0
BRDA:146,19,1,0
BRDA:146,20,0,0
BRDA:146,20,1,0
BRDA:153,21,0,0
BRDA:153,21,1,0
BRDA:153,21,2,0
BRDA:157,22,0,0
BRDA:157,22,1,0
BRDA:185,23,0,0
BRDA:185,23,1,0
BRDA:211,24,0,0
BRDA:211,24,1,0
BRF:49
BRH:0
end_of_record
TN:
SF:src\components\ui\ToastContainer.tsx
FN:10,ToastItem
FN:22,(anonymous_1)
FN:23,(anonymous_2)
FN:24,(anonymous_3)
FN:29,(anonymous_4)
FN:30,(anonymous_5)
FN:40,(anonymous_6)
FN:91,(anonymous_7)
FN:115,ToastContainer
FN:122,(anonymous_9)
FNF:10
FNH:0
FNDA:0,ToastItem
FNDA:0,(anonymous_1)
FNDA:0,(anonymous_2)
FNDA:0,(anonymous_3)
FNDA:0,(anonymous_4)
FNDA:0,(anonymous_5)
FNDA:0,(anonymous_6)
FNDA:0,(anonymous_7)
FNDA:0,ToastContainer
FNDA:0,(anonymous_9)
DA:8,0
DA:12,0
DA:13,0
DA:15,0
DA:16,0
DA:18,0
DA:22,0
DA:23,0
DA:24,0
DA:29,0
DA:30,0
DA:31,0
DA:32,0
DA:33,0
DA:34,0
DA:35,0
DA:36,0
DA:39,0
DA:40,0
DA:42,0
DA:46,0
DA:48,0
DA:91,0
DA:116,0
DA:118,0
DA:120,0
DA:123,0
LF:27
LH:0
BRDA:31,0,0,0
BRDA:31,0,1,0
BRDA:35,1,0,0
BRDA:35,1,1,0
BRDA:42,2,0,0
BRDA:42,2,1,0
BRDA:46,3,0,0
BRDA:46,3,1,0
BRDA:52,4,0,0
BRDA:52,4,1,0
BRDA:66,5,0,0
BRDA:66,5,1,0
BRDA:68,6,0,0
BRDA:68,6,1,0
BRDA:82,7,0,0
BRDA:82,7,1,0
BRDA:118,8,0,0
BRDA:118,8,1,0
BRF:18
BRH:0
end_of_record
TN:
SF:src\components\ui\Tooltip.tsx
FN:11,widthPxFromClass
FN:17,Tooltip
FN:34,(anonymous_2)
FN:37,(anonymous_3)
FN:83,(anonymous_4)
FN:92,(anonymous_5)
FN:93,(anonymous_6)
FN:94,(anonymous_7)
FN:95,(anonymous_8)
FNF:9
FNH:0
FNDA:0,widthPxFromClass
FNDA:0,Tooltip
FNDA:0,(anonymous_2)
FNDA:0,(anonymous_3)
FNDA:0,(anonymous_4)
FNDA:0,(anonymous_5)
FNDA:0,(anonymous_6)
FNDA:0,(anonymous_7)
FNDA:0,(anonymous_8)
DA:12,0
DA:13,0
DA:14,0
DA:23,0
DA:24,0
DA:25,0
DA:26,0
DA:34,0
DA:35,0
DA:37,0
DA:38,0
DA:40,0
DA:41,0
DA:42,0
DA:43,0
DA:44,0
DA:45,0
DA:46,0
DA:47,0
DA:48,0
DA:51,0
DA:54,0
DA:56,0
DA:57,0
DA:59,0
DA:60,0
DA:61,0
DA:64,0
DA:65,0
DA:68,0
DA:69,0
DA:73,0
DA:74,0
DA:76,0
DA:79,0
DA:80,0
DA:81,0
DA:83,0
DA:84,0
DA:85,0
DA:89,0
DA:92,0
DA:93,0
DA:94,0
DA:95,0
LF:45
LH:0
BRDA:13,0,0,0
BRDA:13,0,1,0
BRDA:21,1,0,0
BRDA:35,2,0,0
BRDA:35,2,1,0
BRDA:35,3,0,0
BRDA:35,3,1,0
BRDA:35,3,2,0
BRDA:38,4,0,0
BRDA:38,4,1,0
BRDA:38,5,0,0
BRDA:38,5,1,0
BRDA:48,6,0,0
BRDA:48,6,1,0
BRDA:59,7,0,0
BRDA:59,7,1,0
BRDA:64,8,0,0
BRDA:64,8,1,0
BRDA:106,9,0,0
BRDA:106,9,1,0
BRDA:118,10,0,0
BRDA:118,10,1,0
BRF:22
BRH:0
end_of_record
TN:
SF:src\hooks\useAccountsData.ts
FN:16,useBanks
FN:21,(anonymous_1)
FN:23,(anonymous_2)
FN:24,(anonymous_3)
FN:45,useAccountsList
FN:54,(anonymous_5)
FN:59,(anonymous_6)
FN:67,(anonymous_7)
FN:72,(anonymous_8)
FN:75,(anonymous_9)
FN:78,(anonymous_10)
FNF:11
FNH:0
FNDA:0,useBanks
FNDA:0,(anonymous_1)
FNDA:0,(anonymous_2)
FNDA:0,(anonymous_3)
FNDA:0,useAccountsList
FNDA:0,(anonymous_5)
FNDA:0,(anonymous_6)
FNDA:0,(anonymous_7)
FNDA:0,(anonymous_8)
FNDA:0,(anonymous_9)
FNDA:0,(anonymous_10)
DA:17,0
DA:18,0
DA:19,0
DA:21,0
DA:22,0
DA:23,0
DA:24,0
DA:27,0
DA:49,0
DA:50,0
DA:51,0
DA:52,0
DA:54,0
DA:55,0
DA:57,0
DA:59,0
DA:60,0
DA:61,0
DA:68,0
DA:69,0
DA:70,0
DA:73,0
DA:75,0
DA:78,0
DA:81,0
LF:25
LH:0
BRDA:57,0,0,0
BRDA:57,0,1,0
BRDA:62,1,0,0
BRDA:62,1,1,0
BRDA:63,2,0,0
BRDA:63,2,1,0
BRDA:64,3,0,0
BRDA:64,3,1,0
BRDA:65,4,0,0
BRDA:65,4,1,0
BRDA:68,5,0,0
BRDA:68,5,1,0
BRDA:73,6,0,0
BRDA:73,6,1,0
BRDA:75,7,0,0
BRDA:75,7,1,0
BRF:16
BRH:0
end_of_record
TN:
SF:src\hooks\useCategoriesData.ts
FN:18,useCategoriesData
FN:24,(anonymous_1)
FN:27,(anonymous_2)
FN:28,(anonymous_3)
FN:29,(anonymous_4)
FNF:5
FNH:0
FNDA:0,useCategoriesData
FNDA:0,(anonymous_1)
FNDA:0,(anonymous_2)
FNDA:0,(anonymous_3)
FNDA:0,(anonymous_4)
DA:19,0
DA:20,0
DA:21,0
DA:22,0
DA:24,0
DA:25,0
DA:27,0
DA:28,0
DA:29,0
DA:32,0
LF:10
LH:0
BRF:0
BRH:0
end_of_record
TN:
SF:src\hooks\useCountries.ts
FN:13,useCountries
FN:18,(anonymous_1)
FN:19,load
FNF:3
FNH:0
FNDA:0,useCountries
FNDA:0,(anonymous_1)
FNDA:0,load
DA:14,0
DA:15,0
DA:16,0
DA:18,0
DA:20,0
DA:21,0
DA:22,0
DA:24,0
DA:27,0
DA:30,0
LF:10
LH:0
BRF:0
BRH:0
end_of_record
TN:
SF:src\hooks\useDashboardData.ts
FN:12,toISODate
FN:44,useDashboardData
FN:57,(anonymous_2)
FN:73,(anonymous_3)
FN:77,(anonymous_4)
FN:78,(anonymous_5)
FNF:6
FNH:0
FNDA:0,toISODate
FNDA:0,useDashboardData
FNDA:0,(anonymous_2)
FNDA:0,(anonymous_3)
FNDA:0,(anonymous_4)
FNDA:0,(anonymous_5)
DA:13,0
DA:51,0
DA:52,0
DA:53,0
DA:54,0
DA:55,0
DA:57,0
DA:58,0
DA:59,0
DA:60,0
DA:61,0
DA:62,0
DA:63,0
DA:74,0
DA:75,0
DA:77,0
DA:78,0
DA:83,0
LF:18
LH:0
BRF:0
BRH:0
end_of_record
TN:
SF:src\hooks\useInvestmentsData.ts
FN:21,useInvestmentsData
FN:28,(anonymous_1)
FN:30,(anonymous_2)
FN:34,(anonymous_3)
FN:35,(anonymous_4)
FNF:5
FNH:0
FNDA:0,useInvestmentsData
FNDA:0,(anonymous_1)
FNDA:0,(anonymous_2)
FNDA:0,(anonymous_3)
FNDA:0,(anonymous_4)
DA:22,0
DA:23,0
DA:24,0
DA:25,0
DA:26,0
DA:28,0
DA:29,0
DA:31,0
DA:32,0
DA:34,0
DA:35,0
DA:38,0
LF:12
LH:0
BRF:0
BRH:0
end_of_record
TN:
SF:src\hooks\usePocketsData.ts
FN:26,usePocketsData
FN:34,(anonymous_1)
FN:35,load
FNF:3
FNH:0
FNDA:0,usePocketsData
FNDA:0,(anonymous_1)
FNDA:0,load
DA:27,0
DA:28,0
DA:29,0
DA:30,0
DA:31,0
DA:32,0
DA:34,0
DA:36,0
DA:37,0
DA:38,0
DA:43,0
DA:44,0
DA:45,0
DA:47,0
DA:49,0
DA:52,0
DA:55,0
LF:17
LH:0
BRF:0
BRH:0
end_of_record
TN:
SF:src\hooks\useToast.tsx
FN:19,ToastProvider
FN:22,(anonymous_1)
FN:23,(anonymous_2)
FN:23,(anonymous_3)
FN:26,(anonymous_4)
FN:29,(anonymous_5)
FN:31,(anonymous_6)
FN:32,(anonymous_7)
FN:32,(anonymous_8)
FN:43,useToast
FNF:10
FNH:0
FNDA:0,ToastProvider
FNDA:0,(anonymous_1)
FNDA:0,(anonymous_2)
FNDA:0,(anonymous_3)
FNDA:0,(anonymous_4)
FNDA:0,(anonymous_5)
FNDA:0,(anonymous_6)
FNDA:0,(anonymous_7)
FNDA:0,(anonymous_8)
FNDA:0,useToast
DA:17,0
DA:20,0
DA:22,0
DA:23,0
DA:26,0
DA:27,0
DA:29,0
DA:31,0
DA:32,0
DA:36,0
DA:44,0
DA:45,0
DA:46,0
LF:13
LH:0
BRDA:26,0,0,0
BRDA:45,1,0,0
BRDA:45,1,1,0
BRF:3
BRH:0
end_of_record
TN:
SF:src\hooks\useTransactionsData.ts
FN:24,useTransactionsCatalogs
FN:32,(anonymous_1)
FN:33,bootstrap
FN:75,useTransactionsList
FN:89,reload
FN:105,(anonymous_5)
FNF:6
FNH:0
FNDA:0,useTransactionsCatalogs
FNDA:0,(anonymous_1)
FNDA:0,bootstrap
FNDA:0,useTransactionsList
FNDA:0,reload
FNDA:0,(anonymous_5)
DA:25,0
DA:26,0
DA:27,0
DA:28,0
DA:29,0
DA:30,0
DA:32,0
DA:34,0
DA:35,0
DA:36,0
DA:40,0
DA:41,0
DA:43,0
DA:44,0
DA:45,0
DA:48,0
DA:51,0
DA:53,0
DA:56,0
DA:59,0
DA:83,0
DA:84,0
DA:85,0
DA:86,0
DA:87,0
DA:90,0
DA:91,0
DA:92,0
DA:93,0
DA:94,0
DA:96,0
DA:101,0
DA:105,0
DA:106,0
DA:109,0
LF:35
LH:0
BRF:0
BRH:0
end_of_record
TN:
SF:src\layouts\AppLayout.tsx
FN:87,AppLayout
FN:99,(anonymous_1)
FN:100,(anonymous_2)
FN:100,(anonymous_3)
FN:110,(anonymous_4)
FN:121,(anonymous_5)
FN:127,(anonymous_6)
FN:133,(anonymous_7)
FN:139,(anonymous_8)
FN:145,(anonymous_9)
FN:147,handleLogout
FN:168,(anonymous_11)
FN:172,(anonymous_12)
FN:193,(anonymous_13)
FN:197,(anonymous_14)
FN:223,(anonymous_15)
FN:233,(anonymous_16)
FN:246,(anonymous_17)
FN:253,(anonymous_18)
FNF:19
FNH:0
FNDA:0,AppLayout
FNDA:0,(anonymous_1)
FNDA:0,(anonymous_2)
FNDA:0,(anonymous_3)
FNDA:0,(anonymous_4)
FNDA:0,(anonymous_5)
FNDA:0,(anonymous_6)
FNDA:0,(anonymous_7)
FNDA:0,(anonymous_8)
FNDA:0,(anonymous_9)
FNDA:0,handleLogout
FNDA:0,(anonymous_11)
FNDA:0,(anonymous_12)
FNDA:0,(anonymous_13)
FNDA:0,(anonymous_14)
FNDA:0,(anonymous_15)
FNDA:0,(anonymous_16)
FNDA:0,(anonymous_17)
FNDA:0,(anonymous_18)
DA:14,0
DA:88,0
DA:89,0
DA:90,0
DA:91,0
DA:94,0
DA:95,0
DA:99,0
DA:100,0
DA:107,0
DA:108,0
DA:110,0
DA:111,0
DA:112,0
DA:113,0
DA:115,0
DA:116,0
DA:117,0
DA:121,0
DA:122,0
DA:123,0
DA:124,0
DA:126,0
DA:127,0
DA:128,0
DA:129,0
DA:133,0
DA:134,0
DA:135,0
DA:136,0
DA:138,0
DA:139,0
DA:140,0
DA:141,0
DA:145,0
DA:148,0
DA:149,0
DA:154,0
DA:156,0
DA:159,0
DA:161,0
DA:169,0
DA:170,0
DA:173,0
DA:174,0
DA:194,0
DA:198,0
DA:224,0
DA:233,0
DA:247,0
DA:253,0
LF:51
LH:0
BRDA:111,0,0,0
BRDA:111,0,1,0
BRDA:115,1,0,0
BRDA:115,1,1,0
BRDA:122,2,0,0
BRDA:122,2,1,0
BRDA:126,3,0,0
BRDA:126,3,1,0
BRDA:126,4,0,0
BRDA:126,4,1,0
BRDA:134,5,0,0
BRDA:134,5,1,0
BRDA:138,6,0,0
BRDA:138,6,1,0
BRDA:138,7,0,0
BRDA:138,7,1,0
BRDA:173,8,0,0
BRDA:173,8,1,0
BRDA:179,9,0,0
BRDA:179,9,1,0
BRDA:182,10,0,0
BRDA:182,10,1,0
BRDA:188,11,0,0
BRDA:188,11,1,0
BRDA:192,12,0,0
BRDA:192,12,1,0
BRDA:198,13,0,0
BRDA:198,13,1,0
BRDA:199,14,0,0
BRDA:199,14,1,0
BRDA:204,15,0,0
BRDA:204,15,1,0
BRDA:206,16,0,0
BRDA:206,16,1,0
BRDA:220,17,0,0
BRDA:220,17,1,0
BRDA:220,17,2,0
BRDA:225,18,0,0
BRDA:225,18,1,0
BRDA:242,19,0,0
BRDA:242,19,1,0
BRDA:242,19,2,0
BRDA:248,20,0,0
BRDA:248,20,1,0
BRDA:259,21,0,0
BRDA:259,21,1,0
BRDA:260,22,0,0
BRDA:260,22,1,0
BRDA:262,23,0,0
BRDA:262,23,1,0
BRDA:281,24,0,0
BRDA:281,24,1,0
BRDA:291,25,0,0
BRDA:291,25,1,0
BRF:54
BRH:0
end_of_record
TN:
SF:src\lib\axios.ts
FN:33,forceLogout
FN:39,refreshTokens
FN:49,(anonymous_2)
FN:51,(anonymous_3)
FN:64,(anonymous_4)
FNF:5
FNH:0
FNDA:0,forceLogout
FNDA:0,refreshTokens
FNDA:0,(anonymous_2)
FNDA:0,(anonymous_3)
FNDA:0,(anonymous_4)
DA:7,0
DA:26,0
DA:34,0
DA:35,0
DA:36,0
DA:42,0
DA:49,0
DA:50,0
DA:52,0
DA:56,0
DA:58,0
DA:59,0
DA:61,0
DA:63,0
DA:64,0
DA:65,0
DA:68,0
DA:71,0
DA:73,0
DA:74,0
DA:78,0
LF:21
LH:0
BRDA:9,0,0,0
BRDA:9,0,1,0
BRDA:56,1,0,0
BRDA:56,1,1,0
BRDA:58,2,0,0
BRDA:58,2,1,0
BRDA:58,3,0,0
BRDA:58,3,1,0
BRDA:58,3,2,0
BRDA:58,3,3,0
BRDA:63,4,0,0
BRDA:63,4,1,0
BRF:12
BRH:0
end_of_record
TN:
SF:src\lib\chartTheme.ts
FNF:0
FNH:0
DA:2,0
DA:13,0
DA:14,0
DA:15,0
DA:16,0
DA:18,0
DA:19,0
DA:20,0
DA:23,0
DA:31,0
DA:41,0
DA:52,0
DA:62,0
LF:13
LH:0
BRF:0
BRH:0
end_of_record
TN:
SF:src\lib\passwordStrength.ts
FN:15,getPasswordChecks
FN:25,getPasswordStrength
FNF:2
FNH:2
FNDA:9,getPasswordChecks
FNDA:3,getPasswordStrength
DA:16,9
DA:26,3
DA:27,3
DA:28,3
DA:30,3
DA:31,2
DA:32,1
LF:7
LH:7
BRDA:30,0,0,1
BRDA:30,0,1,2
BRDA:31,1,0,1
BRDA:31,1,1,1
BRF:4
BRH:4
end_of_record
TN:
SF:src\lib\utils.ts
FN:4,formatCurrency
FN:13,getApiErrorMessage
FNF:2
FNH:2
FNDA:3,formatCurrency
FNDA:7,getApiErrorMessage
DA:5,3
DA:14,7
DA:15,4
DA:16,4
DA:18,6
LF:5
LH:5
BRDA:14,0,0,4
BRDA:14,0,1,3
BRDA:16,1,0,1
BRDA:16,1,1,3
BRDA:16,2,0,4
BRDA:16,2,1,2
BRF:6
BRH:6
end_of_record
TN:
SF:src\pages\accounts\AccountsPage.tsx
FN:31,buildDefaultFilters
FN:42,AccountsPage
FN:53,(anonymous_2)
FN:57,(anonymous_3)
FN:71,(anonymous_4)
FN:75,resetAccountForm
FN:79,openCreateModal
FN:84,closeCreateModal
FN:89,handleCreateAccount
FN:119,(anonymous_9)
FN:129,handleEditAccount
FN:136,(anonymous_11)
FN:136,(anonymous_12)
FN:146,handleDeleteAccount
FN:151,(anonymous_14)
FN:151,(anonymous_15)
FN:193,(anonymous_16)
FN:203,(anonymous_17)
FN:212,(anonymous_18)
FN:224,(anonymous_19)
FN:224,(anonymous_20)
FN:225,(anonymous_21)
FN:225,(anonymous_22)
FN:226,(anonymous_23)
FN:226,(anonymous_24)
FNF:25
FNH:0
FNDA:0,buildDefaultFilters
FNDA:0,AccountsPage
FNDA:0,(anonymous_2)
FNDA:0,(anonymous_3)
FNDA:0,(anonymous_4)
FNDA:0,resetAccountForm
FNDA:0,openCreateModal
FNDA:0,closeCreateModal
FNDA:0,handleCreateAccount
FNDA:0,(anonymous_9)
FNDA:0,handleEditAccount
FNDA:0,(anonymous_11)
FNDA:0,(anonymous_12)
FNDA:0,handleDeleteAccount
FNDA:0,(anonymous_14)
FNDA:0,(anonymous_15)
FNDA:0,(anonymous_16)
FNDA:0,(anonymous_17)
FNDA:0,(anonymous_18)
FNDA:0,(anonymous_19)
FNDA:0,(anonymous_20)
FNDA:0,(anonymous_21)
FNDA:0,(anonymous_22)
FNDA:0,(anonymous_23)
FNDA:0,(anonymous_24)
DA:24,0
DA:33,0
DA:43,0
DA:44,0
DA:46,0
DA:47,0
DA:48,0
DA:49,0
DA:50,0
DA:52,0
DA:53,0
DA:56,0
DA:57,0
DA:59,0
DA:60,0
DA:61,0
DA:62,0
DA:64,0
DA:66,0
DA:71,0
DA:76,0
DA:80,0
DA:81,0
DA:85,0
DA:86,0
DA:90,0
DA:93,0
DA:94,0
DA:95,0
DA:97,0
DA:98,0
DA:99,0
DA:101,0
DA:102,0
DA:103,0
DA:105,0
DA:106,0
DA:107,0
DA:110,0
DA:111,0
DA:112,0
DA:119,0
DA:120,0
DA:121,0
DA:123,0
DA:125,0
DA:133,0
DA:134,0
DA:135,0
DA:136,0
DA:137,0
DA:138,0
DA:140,0
DA:142,0
DA:147,0
DA:148,0
DA:149,0
DA:150,0
DA:151,0
DA:152,0
DA:153,0
DA:155,0
DA:157,0
DA:161,0
DA:162,0
DA:169,0
DA:193,0
DA:203,0
DA:212,0
DA:224,0
DA:225,0
DA:226,0
LF:72
LH:0
BRDA:67,0,0,0
BRDA:67,0,1,0
BRDA:68,1,0,0
BRDA:68,1,1,0
BRDA:68,2,0,0
BRDA:68,2,1,0
BRDA:69,3,0,0
BRDA:69,3,1,0
BRDA:70,4,0,0
BRDA:70,4,1,0
BRDA:71,5,0,0
BRDA:71,5,1,0
BRDA:93,6,0,0
BRDA:93,6,1,0
BRDA:97,7,0,0
BRDA:97,7,1,0
BRDA:101,8,0,0
BRDA:101,8,1,0
BRDA:105,9,0,0
BRDA:105,9,1,0
BRDA:136,10,0,0
BRDA:136,10,1,0
BRDA:147,11,0,0
BRDA:147,11,1,0
BRDA:161,12,0,0
BRDA:161,12,1,0
BRDA:176,13,0,0
BRDA:176,13,1,0
BRDA:187,14,0,0
BRDA:187,14,1,0
BRDA:197,15,0,0
BRDA:197,15,1,0
BRF:32
BRH:0
end_of_record
TN:
SF:src\pages\accounts\components\AccountCreateModal.tsx
FN:23,AccountCreateModal
FN:63,(anonymous_1)
FN:63,(anonymous_2)
FN:75,(anonymous_3)
FN:75,(anonymous_4)
FN:89,(anonymous_5)
FN:89,(anonymous_6)
FN:103,(anonymous_7)
FN:103,(anonymous_8)
FN:106,(anonymous_9)
FNF:10
FNH:0
FNDA:0,AccountCreateModal
FNDA:0,(anonymous_1)
FNDA:0,(anonymous_2)
FNDA:0,(anonymous_3)
FNDA:0,(anonymous_4)
FNDA:0,(anonymous_5)
FNDA:0,(anonymous_6)
FNDA:0,(anonymous_7)
FNDA:0,(anonymous_8)
FNDA:0,(anonymous_9)
DA:31,0
DA:32,0
DA:63,0
DA:75,0
DA:89,0
DA:103,0
DA:106,0
LF:7
LH:0
BRDA:105,0,0,0
BRDA:105,0,1,0
BRDA:114,1,0,0
BRDA:114,1,1,0
BRDA:122,2,0,0
BRDA:122,2,1,0
BRDA:123,3,0,0
BRDA:123,3,1,0
BRF:8
BRH:0
end_of_record
TN:
SF:src\pages\accounts\components\AccountEditModal.tsx
FN:16,AccountEditModal
FN:27,handleSubmit
FN:70,(anonymous_2)
FN:83,(anonymous_3)
FN:96,(anonymous_4)
FN:110,(anonymous_5)
FNF:6
FNH:0
FNDA:0,AccountEditModal
FNDA:0,handleSubmit
FNDA:0,(anonymous_2)
FNDA:0,(anonymous_3)
FNDA:0,(anonymous_4)
FNDA:0,(anonymous_5)
DA:17,0
DA:18,0
DA:19,0
DA:22,0
DA:25,0
DA:28,0
DA:30,0
DA:31,0
DA:39,0
DA:70,0
DA:83,0
DA:96,0
DA:110,0
LF:13
LH:0
BRDA:20,0,0,0
BRDA:20,0,1,0
BRDA:23,1,0,0
BRDA:23,1,1,0
BRDA:30,2,0,0
BRDA:30,2,1,0
BRDA:30,3,0,0
BRDA:30,3,1,0
BRDA:117,4,0,0
BRDA:117,4,1,0
BRDA:118,5,0,0
BRDA:118,5,1,0
BRF:12
BRH:0
end_of_record
TN:
SF:src\pages\accounts\components\AccountsFiltersCard.tsx
FN:24,AccountsFiltersCard
FN:39,(anonymous_1)
FN:39,(anonymous_2)
FN:48,(anonymous_3)
FN:48,(anonymous_4)
FN:63,(anonymous_5)
FN:63,(anonymous_6)
FN:78,(anonymous_7)
FN:78,(anonymous_8)
FN:81,(anonymous_9)
FNF:10
FNH:0
FNDA:0,AccountsFiltersCard
FNDA:0,(anonymous_1)
FNDA:0,(anonymous_2)
FNDA:0,(anonymous_3)
FNDA:0,(anonymous_4)
FNDA:0,(anonymous_5)
FNDA:0,(anonymous_6)
FNDA:0,(anonymous_7)
FNDA:0,(anonymous_8)
FNDA:0,(anonymous_9)
DA:31,0
DA:32,0
DA:39,0
DA:48,0
DA:63,0
DA:78,0
DA:81,0
LF:7
LH:0
BRF:0
BRH:0
end_of_record
TN:
SF:src\pages\accounts\components\AccountsTableCard.tsx
FN:27,AccountsTableCard
FN:45,(anonymous_1)
FN:46,(anonymous_2)
FN:47,(anonymous_3)
FN:97,(anonymous_4)
FN:143,(anonymous_5)
FN:144,(anonymous_6)
FN:174,(anonymous_7)
FN:175,(anonymous_8)
FNF:9
FNH:0
FNDA:0,AccountsTableCard
FNDA:0,(anonymous_1)
FNDA:0,(anonymous_2)
FNDA:0,(anonymous_3)
FNDA:0,(anonymous_4)
FNDA:0,(anonymous_5)
FNDA:0,(anonymous_6)
FNDA:0,(anonymous_7)
FNDA:0,(anonymous_8)
DA:43,0
DA:45,0
DA:46,0
DA:47,0
DA:48,0
DA:75,0
DA:98,0
DA:144,0
DA:146,0
DA:147,0
DA:174,0
DA:175,0
LF:12
LH:0
BRDA:88,0,0,0
BRDA:88,0,1,0
BRDA:108,1,0,0
BRDA:108,1,1,0
BRDA:146,2,0,0
BRDA:146,2,1,0
BRDA:146,2,2,0
BRDA:155,3,0,0
BRDA:155,3,1,0
BRDA:163,4,0,0
BRDA:163,4,1,0
BRDA:164,5,0,0
BRDA:164,5,1,0
BRF:13
BRH:0
end_of_record
TN:
SF:src\pages\admin\AdminPage.tsx
FN:12,normalizeTab
FN:20,AdminPage
FN:25,(anonymous_2)
FN:28,(anonymous_3)
FN:35,handleTabChange
FN:40,(anonymous_5)
FN:42,(anonymous_6)
FN:43,(anonymous_7)
FN:64,(anonymous_8)
FN:71,(anonymous_9)
FN:78,(anonymous_10)
FN:85,(anonymous_11)
FNF:12
FNH:0
FNDA:0,normalizeTab
FNDA:0,AdminPage
FNDA:0,(anonymous_2)
FNDA:0,(anonymous_3)
FNDA:0,handleTabChange
FNDA:0,(anonymous_5)
FNDA:0,(anonymous_6)
FNDA:0,(anonymous_7)
FNDA:0,(anonymous_8)
FNDA:0,(anonymous_9)
FNDA:0,(anonymous_10)
FNDA:0,(anonymous_11)
DA:13,0
DA:14,0
DA:17,0
DA:21,0
DA:22,0
DA:23,0
DA:25,0
DA:26,0
DA:28,0
DA:29,0
DA:30,0
DA:31,0
DA:36,0
DA:37,0
DA:40,0
DA:41,0
DA:42,0
DA:43,0
DA:49,0
DA:50,0
DA:53,0
DA:64,0
DA:71,0
DA:78,0
DA:85,0
LF:25
LH:0
BRDA:13,0,0,0
BRDA:13,0,1,0
BRDA:13,1,0,0
BRDA:13,1,1,0
BRDA:13,1,2,0
BRDA:13,1,3,0
BRDA:30,2,0,0
BRDA:30,2,1,0
BRDA:49,3,0,0
BRDA:49,3,1,0
BRDA:49,4,0,0
BRDA:49,4,1,0
BRDA:49,4,2,0
BRDA:65,5,0,0
BRDA:65,5,1,0
BRDA:72,6,0,0
BRDA:72,6,1,0
BRDA:79,7,0,0
BRDA:79,7,1,0
BRDA:86,8,0,0
BRDA:86,8,1,0
BRDA:93,9,0,0
BRDA:93,9,1,0
BRDA:94,10,0,0
BRDA:94,10,1,0
BRDA:95,11,0,0
BRDA:95,11,1,0
BRDA:96,12,0,0
BRDA:96,12,1,0
BRF:29
BRH:0
end_of_record
TN:
SF:src\pages\admin\components\BankCreateModal.tsx
FN:17,BankCreateModal
FN:59,(anonymous_1)
FNF:2
FNH:0
FNDA:0,BankCreateModal
FNDA:0,(anonymous_1)
DA:27,0
DA:28,0
DA:59,0
LF:3
LH:0
BRDA:80,0,0,0
BRDA:80,0,1,0
BRF:2
BRH:0
end_of_record
TN:
SF:src\pages\admin\components\BankEditModal.tsx
FN:15,BankEditModal
FN:20,handleSubmit
FN:57,(anonymous_2)
FNF:3
FNH:0
FNDA:0,BankEditModal
FNDA:0,handleSubmit
FNDA:0,(anonymous_2)
DA:16,0
DA:17,0
DA:18,0
DA:21,0
DA:22,0
DA:23,0
DA:26,0
DA:57,0
LF:8
LH:0
BRDA:22,0,0,0
BRDA:22,0,1,0
BRDA:78,1,0,0
BRDA:78,1,1,0
BRDA:79,2,0,0
BRDA:79,2,1,0
BRF:6
BRH:0
end_of_record
TN:
SF:src\pages\admin\components\BanksFiltersCard.tsx
FN:21,BanksFiltersCard
FN:35,(anonymous_1)
FN:35,(anonymous_2)
FN:44,(anonymous_3)
FN:44,(anonymous_4)
FNF:5
FNH:0
FNDA:0,BanksFiltersCard
FNDA:0,(anonymous_1)
FNDA:0,(anonymous_2)
FNDA:0,(anonymous_3)
FNDA:0,(anonymous_4)
DA:28,0
DA:29,0
DA:35,0
DA:44,0
LF:4
LH:0
BRF:0
BRH:0
end_of_record
TN:
SF:src\pages\admin\components\BanksTab.tsx
FN:14,buildDefaultBankFilters
FN:26,BanksTab
FN:39,(anonymous_2)
FN:41,(anonymous_3)
FN:42,loadBanks
FN:57,(anonymous_5)
FN:61,(anonymous_6)
FN:66,(anonymous_7)
FN:72,(anonymous_8)
FN:73,(anonymous_9)
FN:74,(anonymous_10)
FN:77,(anonymous_11)
FN:79,(anonymous_12)
FN:90,(anonymous_13)
FN:103,handleCreateBank
FN:117,(anonymous_15)
FN:129,handleEditBank
FN:133,(anonymous_17)
FN:133,(anonymous_18)
FN:143,handleDeleteBank
FN:148,(anonymous_20)
FN:148,(anonymous_21)
FN:169,(anonymous_22)
FN:183,(anonymous_23)
FN:193,(anonymous_24)
FN:202,(anonymous_25)
FN:218,(anonymous_26)
FN:218,(anonymous_27)
FN:219,(anonymous_28)
FN:219,(anonymous_29)
FN:220,(anonymous_30)
FN:220,(anonymous_31)
FN:233,(anonymous_32)
FNF:33
FNH:0
FNDA:0,buildDefaultBankFilters
FNDA:0,BanksTab
FNDA:0,(anonymous_2)
FNDA:0,(anonymous_3)
FNDA:0,loadBanks
FNDA:0,(anonymous_5)
FNDA:0,(anonymous_6)
FNDA:0,(anonymous_7)
FNDA:0,(anonymous_8)
FNDA:0,(anonymous_9)
FNDA:0,(anonymous_10)
FNDA:0,(anonymous_11)
FNDA:0,(anonymous_12)
FNDA:0,(anonymous_13)
FNDA:0,handleCreateBank
FNDA:0,(anonymous_15)
FNDA:0,handleEditBank
FNDA:0,(anonymous_17)
FNDA:0,(anonymous_18)
FNDA:0,handleDeleteBank
FNDA:0,(anonymous_20)
FNDA:0,(anonymous_21)
FNDA:0,(anonymous_22)
FNDA:0,(anonymous_23)
FNDA:0,(anonymous_24)
FNDA:0,(anonymous_25)
FNDA:0,(anonymous_26)
FNDA:0,(anonymous_27)
FNDA:0,(anonymous_28)
FNDA:0,(anonymous_29)
FNDA:0,(anonymous_30)
FNDA:0,(anonymous_31)
FNDA:0,(anonymous_32)
DA:15,0
DA:27,0
DA:28,0
DA:30,0
DA:31,0
DA:32,0
DA:33,0
DA:34,0
DA:35,0
DA:36,0
DA:37,0
DA:38,0
DA:39,0
DA:41,0
DA:43,0
DA:44,0
DA:45,0
DA:46,0
DA:48,0
DA:50,0
DA:54,0
DA:57,0
DA:58,0
DA:61,0
DA:62,0
DA:63,0
DA:64,0
DA:66,0
DA:67,0
DA:68,0
DA:72,0
DA:73,0
DA:74,0
DA:77,0
DA:78,0
DA:80,0
DA:81,0
DA:82,0
DA:83,0
DA:85,0
DA:86,0
DA:88,0
DA:90,0
DA:93,0
DA:94,0
DA:95,0
DA:96,0
DA:97,0
DA:98,0
DA:104,0
DA:105,0
DA:106,0
DA:107,0
DA:109,0
DA:110,0
DA:111,0
DA:114,0
DA:115,0
DA:116,0
DA:117,0
DA:118,0
DA:119,0
DA:120,0
DA:121,0
DA:123,0
DA:125,0
DA:130,0
DA:131,0
DA:132,0
DA:133,0
DA:134,0
DA:135,0
DA:137,0
DA:139,0
DA:144,0
DA:145,0
DA:146,0
DA:147,0
DA:148,0
DA:149,0
DA:150,0
DA:152,0
DA:154,0
DA:158,0
DA:170,0
DA:171,0
DA:172,0
DA:183,0
DA:193,0
DA:202,0
DA:218,0
DA:219,0
DA:220,0
DA:234,0
DA:235,0
DA:236,0
DA:238,0
DA:239,0
DA:240,0
LF:99
LH:0
BRDA:62,0,0,0
BRDA:62,0,1,0
BRDA:67,1,0,0
BRDA:67,1,1,0
BRDA:81,2,0,0
BRDA:81,2,1,0
BRDA:83,3,0,0
BRDA:83,3,1,0
BRDA:85,4,0,0
BRDA:85,4,1,0
BRDA:85,5,0,0
BRDA:85,5,1,0
BRDA:99,6,0,0
BRDA:99,6,1,0
BRDA:100,7,0,0
BRDA:100,7,1,0
BRDA:105,8,0,0
BRDA:105,8,1,0
BRDA:109,9,0,0
BRDA:109,9,1,0
BRDA:119,10,0,0
BRDA:119,10,1,0
BRDA:133,11,0,0
BRDA:133,11,1,0
BRDA:144,12,0,0
BRDA:144,12,1,0
BRDA:160,13,0,0
BRDA:160,13,1,0
BRDA:172,14,0,0
BRDA:172,14,1,0
BRDA:177,15,0,0
BRDA:177,15,1,0
BRDA:187,16,0,0
BRDA:187,16,1,0
BRDA:205,17,0,0
BRDA:205,17,1,0
BRDA:234,18,0,0
BRDA:234,18,1,0
BRDA:239,19,0,0
BRDA:239,19,1,0
BRF:40
BRH:0
end_of_record
TN:
SF:src\pages\admin\components\BanksTableCard.tsx
FN:24,BanksTableCard
FN:39,(anonymous_1)
FN:79,(anonymous_2)
FN:114,(anonymous_3)
FN:128,(anonymous_4)
FN:129,(anonymous_5)
FNF:6
FNH:0
FNDA:0,BanksTableCard
FNDA:0,(anonymous_1)
FNDA:0,(anonymous_2)
FNDA:0,(anonymous_3)
FNDA:0,(anonymous_4)
FNDA:0,(anonymous_5)
DA:38,0
DA:39,0
DA:40,0
DA:41,0
DA:42,0
DA:44,0
DA:45,0
DA:60,0
DA:80,0
DA:115,0
DA:128,0
DA:129,0
LF:12
LH:0
BRDA:41,0,0,0
BRDA:41,0,1,0
BRDA:72,1,0,0
BRDA:72,1,1,0
BRDA:86,2,0,0
BRDA:86,2,1,0
BRF:6
BRH:0
end_of_record
TN:
SF:src\pages\admin\components\CountriesFiltersCard.tsx
FN:18,CountriesFiltersCard
FN:31,(anonymous_1)
FN:31,(anonymous_2)
FNF:3
FNH:0
FNDA:0,CountriesFiltersCard
FNDA:0,(anonymous_1)
FNDA:0,(anonymous_2)
DA:24,0
DA:25,0
DA:31,0
LF:3
LH:0
BRF:0
BRH:0
end_of_record
TN:
SF:src\pages\admin\components\CountriesTab.tsx
FN:14,buildDefaultCountryFilters
FN:25,CountriesTab
FN:36,(anonymous_2)
FN:38,(anonymous_3)
FN:39,loadCountries
FN:55,(anonymous_5)
FN:59,(anonymous_6)
FN:63,(anonymous_7)
FN:67,(anonymous_8)
FN:72,(anonymous_9)
FN:82,handleCreateCountry
FN:86,(anonymous_11)
FN:96,handleEditCountry
FN:100,(anonymous_13)
FN:100,(anonymous_14)
FN:110,handleDeleteCountry
FN:115,(anonymous_16)
FN:115,(anonymous_17)
FN:131,(anonymous_18)
FN:140,(anonymous_19)
FN:150,(anonymous_20)
FN:158,(anonymous_21)
FN:174,(anonymous_22)
FN:174,(anonymous_23)
FN:175,(anonymous_24)
FN:175,(anonymous_25)
FN:176,(anonymous_26)
FN:176,(anonymous_27)
FN:189,(anonymous_28)
FNF:29
FNH:0
FNDA:0,buildDefaultCountryFilters
FNDA:0,CountriesTab
FNDA:0,(anonymous_2)
FNDA:0,(anonymous_3)
FNDA:0,loadCountries
FNDA:0,(anonymous_5)
FNDA:0,(anonymous_6)
FNDA:0,(anonymous_7)
FNDA:0,(anonymous_8)
FNDA:0,(anonymous_9)
FNDA:0,handleCreateCountry
FNDA:0,(anonymous_11)
FNDA:0,handleEditCountry
FNDA:0,(anonymous_13)
FNDA:0,(anonymous_14)
FNDA:0,handleDeleteCountry
FNDA:0,(anonymous_16)
FNDA:0,(anonymous_17)
FNDA:0,(anonymous_18)
FNDA:0,(anonymous_19)
FNDA:0,(anonymous_20)
FNDA:0,(anonymous_21)
FNDA:0,(anonymous_22)
FNDA:0,(anonymous_23)
FNDA:0,(anonymous_24)
FNDA:0,(anonymous_25)
FNDA:0,(anonymous_26)
FNDA:0,(anonymous_27)
FNDA:0,(anonymous_28)
DA:15,0
DA:26,0
DA:27,0
DA:29,0
DA:30,0
DA:31,0
DA:32,0
DA:33,0
DA:34,0
DA:35,0
DA:36,0
DA:38,0
DA:40,0
DA:41,0
DA:42,0
DA:43,0
DA:44,0
DA:46,0
DA:48,0
DA:52,0
DA:55,0
DA:56,0
DA:59,0
DA:60,0
DA:63,0
DA:64,0
DA:66,0
DA:68,0
DA:69,0
DA:70,0
DA:72,0
DA:75,0
DA:76,0
DA:77,0
DA:78,0
DA:79,0
DA:80,0
DA:83,0
DA:84,0
DA:85,0
DA:86,0
DA:87,0
DA:88,0
DA:90,0
DA:92,0
DA:97,0
DA:98,0
DA:99,0
DA:100,0
DA:101,0
DA:102,0
DA:104,0
DA:106,0
DA:111,0
DA:112,0
DA:113,0
DA:114,0
DA:115,0
DA:116,0
DA:117,0
DA:119,0
DA:121,0
DA:125,0
DA:131,0
DA:140,0
DA:150,0
DA:158,0
DA:174,0
DA:175,0
DA:176,0
DA:189,0
LF:71
LH:0
BRDA:68,0,0,0
BRDA:68,0,1,0
BRDA:80,1,0,0
BRDA:80,1,1,0
BRDA:100,2,0,0
BRDA:100,2,1,0
BRDA:111,3,0,0
BRDA:111,3,1,0
BRDA:127,4,0,0
BRDA:127,4,1,0
BRDA:135,5,0,0
BRDA:135,5,1,0
BRDA:144,6,0,0
BRDA:144,6,1,0
BRDA:161,7,0,0
BRDA:161,7,1,0
BRF:16
BRH:0
end_of_record
TN:
SF:src\pages\admin\components\CountriesTableCard.tsx
FN:24,CountriesTableCard
FN:67,(anonymous_1)
FN:102,(anonymous_2)
FN:116,(anonymous_3)
FN:117,(anonymous_4)
FNF:5
FNH:0
FNDA:0,CountriesTableCard
FNDA:0,(anonymous_1)
FNDA:0,(anonymous_2)
FNDA:0,(anonymous_3)
FNDA:0,(anonymous_4)
DA:38,0
DA:39,0
DA:48,0
DA:68,0
DA:103,0
DA:116,0
DA:117,0
LF:7
LH:0
BRDA:60,0,0,0
BRDA:60,0,1,0
BRDA:74,1,0,0
BRDA:74,1,1,0
BRF:4
BRH:0
end_of_record
TN:
SF:src\pages\admin\components\CountryCreateModal.tsx
FN:11,CountryCreateModal
FN:16,handleSubmit
FN:55,(anonymous_2)
FN:68,(anonymous_3)
FNF:4
FNH:0
FNDA:0,CountryCreateModal
FNDA:0,handleSubmit
FNDA:0,(anonymous_2)
FNDA:0,(anonymous_3)
DA:12,0
DA:13,0
DA:14,0
DA:17,0
DA:18,0
DA:19,0
DA:20,0
DA:21,0
DA:24,0
DA:55,0
DA:68,0
LF:11
LH:0
BRDA:20,0,0,0
BRDA:20,0,1,0
BRDA:20,1,0,0
BRDA:20,1,1,0
BRDA:79,2,0,0
BRDA:79,2,1,0
BRDA:79,2,2,0
BRDA:81,3,0,0
BRDA:81,3,1,0
BRF:9
BRH:0
end_of_record
TN:
SF:src\pages\admin\components\CountryEditModal.tsx
FN:13,CountryEditModal
FN:18,handleSubmit
FN:57,(anonymous_2)
FN:70,(anonymous_3)
FNF:4
FNH:0
FNDA:0,CountryEditModal
FNDA:0,handleSubmit
FNDA:0,(anonymous_2)
FNDA:0,(anonymous_3)
DA:14,0
DA:15,0
DA:16,0
DA:19,0
DA:20,0
DA:21,0
DA:22,0
DA:23,0
DA:26,0
DA:57,0
DA:70,0
LF:11
LH:0
BRDA:22,0,0,0
BRDA:22,0,1,0
BRDA:22,1,0,0
BRDA:22,1,1,0
BRDA:81,2,0,0
BRDA:81,2,1,0
BRDA:81,2,2,0
BRDA:83,3,0,0
BRDA:83,3,1,0
BRF:9
BRH:0
end_of_record
TN:
SF:src\pages\admin\components\InvestmentEntitiesFiltersCard.tsx
FN:23,InvestmentEntitiesFiltersCard
FN:38,(anonymous_1)
FN:38,(anonymous_2)
FN:47,(anonymous_3)
FN:47,(anonymous_4)
FN:58,(anonymous_5)
FN:58,(anonymous_6)
FNF:7
FNH:0
FNDA:0,InvestmentEntitiesFiltersCard
FNDA:0,(anonymous_1)
FNDA:0,(anonymous_2)
FNDA:0,(anonymous_3)
FNDA:0,(anonymous_4)
FNDA:0,(anonymous_5)
FNDA:0,(anonymous_6)
DA:31,0
DA:32,0
DA:38,0
DA:47,0
DA:58,0
LF:5
LH:0
BRF:0
BRH:0
end_of_record
TN:
SF:src\pages\admin\components\InvestmentEntitiesTab.tsx
FN:19,buildDefaultInvestmentEntityFilters
FN:32,InvestmentEntitiesTab
FN:46,(anonymous_2)
FN:50,(anonymous_3)
FN:51,loadInvestmentEntities
FN:66,(anonymous_5)
FN:70,(anonymous_6)
FN:75,(anonymous_7)
FN:81,(anonymous_8)
FN:82,(anonymous_9)
FN:83,(anonymous_10)
FN:86,(anonymous_11)
FN:91,(anonymous_12)
FN:92,(anonymous_13)
FN:96,(anonymous_14)
FN:98,(anonymous_15)
FN:112,(anonymous_16)
FN:131,handleCreateInvestmentEntity
FN:149,(anonymous_18)
FN:162,handleEditInvestmentEntity
FN:169,(anonymous_20)
FN:169,(anonymous_21)
FN:179,handleDeleteInvestmentEntity
FN:184,(anonymous_23)
FN:184,(anonymous_24)
FN:208,(anonymous_25)
FN:224,(anonymous_26)
FN:234,(anonymous_27)
FN:244,(anonymous_28)
FN:261,(anonymous_29)
FN:261,(anonymous_30)
FN:262,(anonymous_31)
FN:262,(anonymous_32)
FN:263,(anonymous_33)
FN:263,(anonymous_34)
FN:276,(anonymous_35)
FNF:36
FNH:0
FNDA:0,buildDefaultInvestmentEntityFilters
FNDA:0,InvestmentEntitiesTab
FNDA:0,(anonymous_2)
FNDA:0,(anonymous_3)
FNDA:0,loadInvestmentEntities
FNDA:0,(anonymous_5)
FNDA:0,(anonymous_6)
FNDA:0,(anonymous_7)
FNDA:0,(anonymous_8)
FNDA:0,(anonymous_9)
FNDA:0,(anonymous_10)
FNDA:0,(anonymous_11)
FNDA:0,(anonymous_12)
FNDA:0,(anonymous_13)
FNDA:0,(anonymous_14)
FNDA:0,(anonymous_15)
FNDA:0,(anonymous_16)
FNDA:0,handleCreateInvestmentEntity
FNDA:0,(anonymous_18)
FNDA:0,handleEditInvestmentEntity
FNDA:0,(anonymous_20)
FNDA:0,(anonymous_21)
FNDA:0,handleDeleteInvestmentEntity
FNDA:0,(anonymous_23)
FNDA:0,(anonymous_24)
FNDA:0,(anonymous_25)
FNDA:0,(anonymous_26)
FNDA:0,(anonymous_27)
FNDA:0,(anonymous_28)
FNDA:0,(anonymous_29)
FNDA:0,(anonymous_30)
FNDA:0,(anonymous_31)
FNDA:0,(anonymous_32)
FNDA:0,(anonymous_33)
FNDA:0,(anonymous_34)
FNDA:0,(anonymous_35)
DA:20,0
DA:33,0
DA:34,0
DA:36,0
DA:37,0
DA:38,0
DA:39,0
DA:40,0
DA:41,0
DA:42,0
DA:43,0
DA:44,0
DA:45,0
DA:46,0
DA:47,0
DA:50,0
DA:52,0
DA:53,0
DA:54,0
DA:55,0
DA:57,0
DA:59,0
DA:63,0
DA:66,0
DA:67,0
DA:70,0
DA:71,0
DA:72,0
DA:73,0
DA:75,0
DA:76,0
DA:77,0
DA:81,0
DA:82,0
DA:83,0
DA:86,0
DA:87,0
DA:91,0
DA:92,0
DA:96,0
DA:97,0
DA:99,0
DA:100,0
DA:101,0
DA:102,0
DA:104,0
DA:105,0
DA:107,0
DA:108,0
DA:110,0
DA:112,0
DA:115,0
DA:116,0
DA:117,0
DA:118,0
DA:122,0
DA:123,0
DA:132,0
DA:133,0
DA:134,0
DA:135,0
DA:137,0
DA:138,0
DA:139,0
DA:142,0
DA:143,0
DA:144,0
DA:149,0
DA:150,0
DA:151,0
DA:152,0
DA:153,0
DA:154,0
DA:156,0
DA:158,0
DA:166,0
DA:167,0
DA:168,0
DA:169,0
DA:170,0
DA:171,0
DA:173,0
DA:175,0
DA:180,0
DA:181,0
DA:182,0
DA:183,0
DA:184,0
DA:185,0
DA:186,0
DA:188,0
DA:190,0
DA:194,0
DA:209,0
DA:210,0
DA:211,0
DA:212,0
DA:224,0
DA:234,0
DA:244,0
DA:261,0
DA:262,0
DA:263,0
DA:277,0
DA:278,0
DA:279,0
DA:281,0
DA:282,0
DA:283,0
DA:284,0
LF:110
LH:0
BRDA:71,0,0,0
BRDA:71,0,1,0
BRDA:76,1,0,0
BRDA:76,1,1,0
BRDA:100,2,0,0
BRDA:100,2,1,0
BRDA:102,3,0,0
BRDA:102,3,1,0
BRDA:104,4,0,0
BRDA:104,4,1,0
BRDA:104,5,0,0
BRDA:104,5,1,0
BRDA:107,6,0,0
BRDA:107,6,1,0
BRDA:107,7,0,0
BRDA:107,7,1,0
BRDA:124,8,0,0
BRDA:124,8,1,0
BRDA:125,9,0,0
BRDA:125,9,1,0
BRDA:126,10,0,0
BRDA:126,10,1,0
BRDA:128,11,0,0
BRDA:128,11,1,0
BRDA:133,12,0,0
BRDA:133,12,1,0
BRDA:137,13,0,0
BRDA:137,13,1,0
BRDA:152,14,0,0
BRDA:152,14,1,0
BRDA:169,15,0,0
BRDA:169,15,1,0
BRDA:180,16,0,0
BRDA:180,16,1,0
BRDA:196,17,0,0
BRDA:196,17,1,0
BRDA:212,18,0,0
BRDA:212,18,1,0
BRDA:217,19,0,0
BRDA:217,19,1,0
BRDA:228,20,0,0
BRDA:228,20,1,0
BRDA:247,21,0,0
BRDA:247,21,1,0
BRDA:277,22,0,0
BRDA:277,22,1,0
BRDA:283,23,0,0
BRDA:283,23,1,0
BRF:48
BRH:0
end_of_record
TN:
SF:src\pages\admin\components\InvestmentEntitiesTableCard.tsx
FN:25,InvestmentEntitiesTableCard
FN:41,(anonymous_1)
FN:46,(anonymous_2)
FN:91,(anonymous_3)
FN:128,(anonymous_4)
FN:147,(anonymous_5)
FN:148,(anonymous_6)
FNF:7
FNH:0
FNDA:0,InvestmentEntitiesTableCard
FNDA:0,(anonymous_1)
FNDA:0,(anonymous_2)
FNDA:0,(anonymous_3)
FNDA:0,(anonymous_4)
FNDA:0,(anonymous_5)
FNDA:0,(anonymous_6)
DA:40,0
DA:41,0
DA:42,0
DA:43,0
DA:44,0
DA:46,0
DA:47,0
DA:48,0
DA:51,0
DA:72,0
DA:92,0
DA:129,0
DA:147,0
DA:148,0
LF:14
LH:0
BRDA:43,0,0,0
BRDA:43,0,1,0
BRDA:47,1,0,0
BRDA:47,1,1,0
BRDA:84,2,0,0
BRDA:84,2,1,0
BRDA:98,3,0,0
BRDA:98,3,1,0
BRDA:137,4,0,0
BRDA:137,4,1,0
BRF:10
BRH:0
end_of_record
TN:
SF:src\pages\admin\components\InvestmentEntityCreateModal.tsx
FN:21,InvestmentEntityCreateModal
FN:67,(anonymous_1)
FN:78,(anonymous_2)
FNF:3
FNH:0
FNDA:0,InvestmentEntityCreateModal
FNDA:0,(anonymous_1)
FNDA:0,(anonymous_2)
DA:34,0
DA:36,0
DA:67,0
DA:78,0
LF:4
LH:0
BRDA:99,0,0,0
BRDA:99,0,1,0
BRF:2
BRH:0
end_of_record
TN:
SF:src\pages\admin\components\InvestmentEntityEditModal.tsx
FN:16,InvestmentEntityEditModal
FN:30,handleSubmit
FN:71,(anonymous_2)
FN:83,(anonymous_3)
FNF:4
FNH:0
FNDA:0,InvestmentEntityEditModal
FNDA:0,handleSubmit
FNDA:0,(anonymous_2)
FNDA:0,(anonymous_3)
DA:24,0
DA:26,0
DA:27,0
DA:28,0
DA:31,0
DA:32,0
DA:33,0
DA:40,0
DA:71,0
DA:83,0
LF:10
LH:0
BRDA:32,0,0,0
BRDA:32,0,1,0
BRDA:103,1,0,0
BRDA:103,1,1,0
BRDA:104,2,0,0
BRDA:104,2,1,0
BRF:6
BRH:0
end_of_record
TN:
SF:src\pages\auth\LoginPage.tsx
FN:11,LoginPage
FN:20,(anonymous_1)
FN:27,handleSubmit
FN:45,(anonymous_3)
FN:105,(anonymous_4)
FN:114,(anonymous_5)
FNF:6
FNH:0
FNDA:0,LoginPage
FNDA:0,(anonymous_1)
FNDA:0,handleSubmit
FNDA:0,(anonymous_3)
FNDA:0,(anonymous_4)
FNDA:0,(anonymous_5)
DA:12,0
DA:13,0
DA:14,0
DA:15,0
DA:16,0
DA:17,0
DA:18,0
DA:20,0
DA:21,0
DA:22,0
DA:23,0
DA:28,0
DA:29,0
DA:30,0
DA:32,0
DA:33,0
DA:34,0
DA:35,0
DA:37,0
DA:38,0
DA:42,0
DA:45,0
DA:48,0
DA:49,0
DA:50,0
DA:52,0
DA:54,0
DA:55,0
DA:56,0
DA:57,0
DA:58,0
DA:59,0
DA:61,0
DA:64,0
DA:68,0
DA:105,0
DA:114,0
LF:37
LH:0
BRDA:21,0,0,0
BRDA:21,0,1,0
BRDA:42,1,0,0
BRDA:42,1,1,0
BRDA:44,2,0,0
BRDA:44,2,1,0
BRDA:48,3,0,0
BRDA:48,3,1,0
BRDA:48,4,0,0
BRDA:48,4,1,0
BRDA:49,5,0,0
BRDA:49,5,1,0
BRDA:52,6,0,0
BRDA:52,6,1,0
BRDA:54,7,0,0
BRDA:54,7,1,0
BRDA:56,8,0,0
BRDA:56,8,1,0
BRDA:56,9,0,0
BRDA:56,9,1,0
BRDA:58,10,0,0
BRDA:58,10,1,0
BRDA:59,11,0,0
BRDA:59,11,1,0
BRDA:74,12,0,0
BRDA:74,12,1,0
BRDA:122,13,0,0
BRDA:122,13,1,0
BRF:28
BRH:0
end_of_record
TN:
SF:src\pages\auth\RegisterPage.tsx
FN:11,RegisterPage
FN:25,handleSubmit
FN:67,(anonymous_2)
FN:123,(anonymous_3)
FN:133,(anonymous_4)
FN:144,(anonymous_5)
FN:188,(anonymous_6)
FNF:7
FNH:0
FNDA:0,RegisterPage
FNDA:0,handleSubmit
FNDA:0,(anonymous_2)
FNDA:0,(anonymous_3)
FNDA:0,(anonymous_4)
FNDA:0,(anonymous_5)
FNDA:0,(anonymous_6)
DA:12,0
DA:13,0
DA:14,0
DA:15,0
DA:16,0
DA:17,0
DA:18,0
DA:19,0
DA:20,0
DA:22,0
DA:23,0
DA:26,0
DA:27,0
DA:28,0
DA:29,0
DA:32,0
DA:33,0
DA:34,0
DA:37,0
DA:38,0
DA:39,0
DA:42,0
DA:43,0
DA:45,0
DA:46,0
DA:48,0
DA:54,0
DA:55,0
DA:56,0
DA:57,0
DA:60,0
DA:61,0
DA:62,0
DA:64,0
DA:67,0
DA:70,0
DA:71,0
DA:72,0
DA:73,0
DA:74,0
DA:75,0
DA:76,0
DA:77,0
DA:79,0
DA:82,0
DA:86,0
DA:123,0
DA:133,0
DA:144,0
DA:188,0
LF:50
LH:0
BRDA:27,0,0,0
BRDA:27,0,1,0
BRDA:32,1,0,0
BRDA:32,1,1,0
BRDA:37,2,0,0
BRDA:37,2,1,0
BRDA:64,3,0,0
BRDA:64,3,1,0
BRDA:66,4,0,0
BRDA:66,4,1,0
BRDA:70,5,0,0
BRDA:70,5,1,0
BRDA:70,6,0,0
BRDA:70,6,1,0
BRDA:70,6,2,0
BRDA:72,7,0,0
BRDA:72,7,1,0
BRDA:74,8,0,0
BRDA:74,8,1,0
BRDA:74,9,0,0
BRDA:74,9,1,0
BRDA:76,10,0,0
BRDA:76,10,1,0
BRDA:79,11,0,0
BRDA:79,11,1,0
BRDA:92,12,0,0
BRDA:92,12,1,0
BRDA:152,13,0,0
BRDA:152,13,1,0
BRDA:157,14,0,0
BRDA:157,14,1,0
BRDA:163,15,0,0
BRDA:163,15,1,0
BRDA:164,16,0,0
BRDA:164,16,1,0
BRDA:166,17,0,0
BRDA:166,17,1,0
BRDA:167,18,0,0
BRDA:167,18,1,0
BRDA:169,19,0,0
BRDA:169,19,1,0
BRDA:170,20,0,0
BRDA:170,20,1,0
BRDA:172,21,0,0
BRDA:172,21,1,0
BRDA:173,22,0,0
BRDA:173,22,1,0
BRDA:180,23,0,0
BRDA:180,23,1,0
BRDA:180,24,0,0
BRDA:180,24,1,0
BRDA:199,25,0,0
BRDA:199,25,1,0
BRF:53
BRH:0
end_of_record
TN:
SF:src\pages\categories\CategoriesPage.tsx
FN:15,CategoriesPage
FN:27,handleCreate
FN:32,(anonymous_2)
FN:42,handleUpdate
FN:48,(anonymous_4)
FN:48,(anonymous_5)
FN:58,handleDelete
FN:63,(anonymous_7)
FN:63,(anonymous_8)
FN:73,(anonymous_9)
FN:76,(anonymous_10)
FN:83,(anonymous_11)
FN:88,(anonymous_12)
FN:89,(anonymous_13)
FN:124,(anonymous_14)
FN:169,(anonymous_15)
FN:179,(anonymous_16)
FN:189,(anonymous_17)
FN:196,(anonymous_18)
FNF:19
FNH:0
FNDA:0,CategoriesPage
FNDA:0,handleCreate
FNDA:0,(anonymous_2)
FNDA:0,handleUpdate
FNDA:0,(anonymous_4)
FNDA:0,(anonymous_5)
FNDA:0,handleDelete
FNDA:0,(anonymous_7)
FNDA:0,(anonymous_8)
FNDA:0,(anonymous_9)
FNDA:0,(anonymous_10)
FNDA:0,(anonymous_11)
FNDA:0,(anonymous_12)
FNDA:0,(anonymous_13)
FNDA:0,(anonymous_14)
FNDA:0,(anonymous_15)
FNDA:0,(anonymous_16)
FNDA:0,(anonymous_17)
FNDA:0,(anonymous_18)
DA:13,0
DA:16,0
DA:17,0
DA:19,0
DA:20,0
DA:22,0
DA:23,0
DA:24,0
DA:25,0
DA:28,0
DA:29,0
DA:30,0
DA:31,0
DA:32,0
DA:33,0
DA:34,0
DA:36,0
DA:38,0
DA:43,0
DA:44,0
DA:45,0
DA:46,0
DA:47,0
DA:48,0
DA:49,0
DA:50,0
DA:52,0
DA:54,0
DA:59,0
DA:60,0
DA:61,0
DA:62,0
DA:63,0
DA:64,0
DA:65,0
DA:67,0
DA:69,0
DA:73,0
DA:74,0
DA:75,0
DA:77,0
DA:78,0
DA:83,0
DA:84,0
DA:85,0
DA:88,0
DA:89,0
DA:91,0
DA:92,0
DA:100,0
DA:124,0
DA:169,0
DA:179,0
DA:189,0
DA:196,0
DA:208,0
DA:210,0
LF:57
LH:0
BRDA:15,0,0,0
BRDA:30,1,0,0
BRDA:30,1,1,0
BRDA:43,2,0,0
BRDA:43,2,1,0
BRDA:46,3,0,0
BRDA:46,3,1,0
BRDA:48,4,0,0
BRDA:48,4,1,0
BRDA:59,5,0,0
BRDA:59,5,1,0
BRDA:75,6,0,0
BRDA:75,6,1,0
BRDA:77,7,0,0
BRDA:77,7,1,0
BRDA:78,8,0,0
BRDA:78,8,1,0
BRDA:85,9,0,0
BRDA:85,9,1,0
BRDA:91,10,0,0
BRDA:91,10,1,0
BRDA:108,11,0,0
BRDA:108,11,1,0
BRDA:118,12,0,0
BRDA:118,12,1,0
BRDA:163,13,0,0
BRDA:163,13,1,0
BRDA:173,14,0,0
BRDA:173,14,1,0
BRDA:176,15,0,0
BRDA:176,15,1,0
BRDA:183,16,0,0
BRDA:183,16,1,0
BRDA:193,17,0,0
BRDA:193,17,1,0
BRDA:193,17,2,0
BRDA:193,17,3,0
BRDA:208,18,0,0
BRDA:208,18,1,0
BRF:39
BRH:0
end_of_record
TN:
SF:src\pages\categories\components\CategoryGroup.tsx
FN:20,CategoryGroup
FN:57,(anonymous_1)
FN:66,(anonymous_2)
FN:67,(anonymous_3)
FNF:4
FNH:0
FNDA:0,CategoryGroup
FNDA:0,(anonymous_1)
FNDA:0,(anonymous_2)
FNDA:0,(anonymous_3)
DA:32,0
DA:33,0
DA:58,0
DA:66,0
DA:67,0
LF:5
LH:0
BRDA:47,0,0,0
BRDA:47,0,1,0
BRDA:53,1,0,0
BRDA:53,1,1,0
BRDA:61,2,0,0
BRDA:61,2,1,0
BRF:6
BRH:0
end_of_record
TN:
SF:src\pages\categories\components\CategoryModal.tsx
FN:20,CategoryModal
FN:25,handleSubmit
FN:58,(anonymous_2)
FN:58,(anonymous_3)
FN:70,(anonymous_4)
FN:70,(anonymous_5)
FN:80,(anonymous_6)
FN:80,(anonymous_7)
FNF:8
FNH:0
FNDA:0,CategoryModal
FNDA:0,handleSubmit
FNDA:0,(anonymous_2)
FNDA:0,(anonymous_3)
FNDA:0,(anonymous_4)
FNDA:0,(anonymous_5)
FNDA:0,(anonymous_6)
FNDA:0,(anonymous_7)
DA:21,0
DA:22,0
DA:23,0
DA:26,0
DA:27,0
DA:28,0
DA:29,0
DA:31,0
DA:32,0
DA:35,0
DA:58,0
DA:70,0
DA:80,0
LF:13
LH:0
BRDA:27,0,0,0
BRDA:27,0,1,0
BRDA:82,1,0,0
BRDA:82,1,1,0
BRDA:87,2,0,0
BRDA:87,2,1,0
BRDA:101,3,0,0
BRDA:101,3,1,0
BRF:8
BRH:0
end_of_record
TN:
SF:src\pages\dashboard\DashboardPage.tsx
FN:23,toISODate
FN:26,clampISO
FN:31,fmtMonthLabel
FN:35,computeDates
FN:46,computePrevDates
FN:65,fmt
FN:68,fmtShort
FN:74,deltaBadge
FN:82,deltaPointsBadge
FN:88,toneFn
FN:93,toneToVariant
FN:100,(anonymous_11)
FN:101,(anonymous_12)
FN:113,HelpTooltip
FN:124,SectionTitle
FN:130,Badge
FN:152,KpiCard
FN:170,InsightCard
FN:196,normalizeTab
FN:202,DashboardPage
FN:230,(anonymous_20)
FN:232,(anonymous_21)
FN:237,handleTabChange
FN:250,(anonymous_23)
FN:251,(anonymous_24)
FN:254,(anonymous_25)
FN:289,(anonymous_26)
FN:289,(anonymous_27)
FN:297,(anonymous_28)
FN:297,(anonymous_29)
FN:303,(anonymous_30)
FN:303,(anonymous_31)
FN:305,(anonymous_32)
FN:312,(anonymous_33)
FN:318,(anonymous_34)
FN:356,(anonymous_35)
FN:363,(anonymous_36)
FN:381,(anonymous_37)
FN:478,(anonymous_38)
FN:479,(anonymous_39)
FN:536,(anonymous_40)
FN:548,(anonymous_41)
FN:551,(anonymous_42)
FN:603,(anonymous_43)
FNF:44
FNH:0
FNDA:0,toISODate
FNDA:0,clampISO
FNDA:0,fmtMonthLabel
FNDA:0,computeDates
FNDA:0,computePrevDates
FNDA:0,fmt
FNDA:0,fmtShort
FNDA:0,deltaBadge
FNDA:0,deltaPointsBadge
FNDA:0,toneFn
FNDA:0,toneToVariant
FNDA:0,(anonymous_11)
FNDA:0,(anonymous_12)
FNDA:0,HelpTooltip
FNDA:0,SectionTitle
FNDA:0,Badge
FNDA:0,KpiCard
FNDA:0,InsightCard
FNDA:0,normalizeTab
FNDA:0,DashboardPage
FNDA:0,(anonymous_20)
FNDA:0,(anonymous_21)
FNDA:0,handleTabChange
FNDA:0,(anonymous_23)
FNDA:0,(anonymous_24)
FNDA:0,(anonymous_25)
FNDA:0,(anonymous_26)
FNDA:0,(anonymous_27)
FNDA:0,(anonymous_28)
FNDA:0,(anonymous_29)
FNDA:0,(anonymous_30)
FNDA:0,(anonymous_31)
FNDA:0,(anonymous_32)
FNDA:0,(anonymous_33)
FNDA:0,(anonymous_34)
FNDA:0,(anonymous_35)
FNDA:0,(anonymous_36)
FNDA:0,(anonymous_37)
FNDA:0,(anonymous_38)
FNDA:0,(anonymous_39)
FNDA:0,(anonymous_40)
FNDA:0,(anonymous_41)
FNDA:0,(anonymous_42)
FNDA:0,(anonymous_43)
DA:24,0
DA:27,0
DA:28,0
DA:29,0
DA:32,0
DA:33,0
DA:36,0
DA:38,0
DA:39,0
DA:40,0
DA:41,0
DA:42,0
DA:43,0
DA:44,0
DA:47,0
DA:48,0
DA:49,0
DA:51,0
DA:53,0
DA:54,0
DA:55,0
DA:59,0
DA:60,0
DA:61,0
DA:62,0
DA:63,0
DA:66,0
DA:69,0
DA:70,0
DA:71,0
DA:72,0
DA:76,0
DA:77,0
DA:78,0
DA:79,0
DA:80,0
DA:84,0
DA:85,0
DA:86,0
DA:90,0
DA:94,0
DA:95,0
DA:96,0
DA:100,0
DA:101,0
DA:105,0
DA:106,0
DA:107,0
DA:108,0
DA:114,0
DA:125,0
DA:131,0
DA:138,0
DA:140,0
DA:141,0
DA:144,0
DA:153,0
DA:171,0
DA:172,0
DA:178,0
DA:197,0
DA:198,0
DA:203,0
DA:204,0
DA:205,0
DA:206,0
DA:209,0
DA:217,0
DA:227,0
DA:229,0
DA:230,0
DA:232,0
DA:233,0
DA:234,0
DA:238,0
DA:239,0
DA:242,0
DA:243,0
DA:244,0
DA:245,0
DA:246,0
DA:247,0
DA:250,0
DA:251,0
DA:254,0
DA:255,0
DA:256,0
DA:258,0
DA:259,0
DA:260,0
DA:261,0
DA:264,0
DA:265,0
DA:269,0
DA:278,0
DA:279,0
DA:280,0
DA:281,0
DA:282,0
DA:283,0
DA:284,0
DA:285,0
DA:286,0
DA:287,0
DA:289,0
DA:297,0
DA:303,0
DA:305,0
DA:307,0
DA:310,0
DA:311,0
DA:312,0
DA:313,0
DA:314,0
DA:315,0
DA:316,0
DA:317,0
DA:318,0
DA:319,0
DA:320,0
DA:321,0
DA:324,0
DA:330,0
DA:331,0
DA:332,0
DA:333,0
DA:335,0
DA:342,0
DA:356,0
DA:363,0
DA:381,0
DA:478,0
DA:479,0
DA:536,0
DA:548,0
DA:551,0
DA:604,0
LF:137
LH:0
BRDA:27,0,0,0
BRDA:27,0,1,0
BRDA:28,1,0,0
BRDA:28,1,1,0
BRDA:38,2,0,0
BRDA:38,2,1,0
BRDA:40,3,0,0
BRDA:40,3,1,0
BRDA:42,4,0,0
BRDA:42,4,1,0
BRDA:47,5,0,0
BRDA:47,5,1,0
BRDA:65,6,0,0
BRDA:70,7,0,0
BRDA:70,7,1,0
BRDA:71,8,0,0
BRDA:71,8,1,0
BRDA:74,9,0,0
BRDA:76,10,0,0
BRDA:76,10,1,0
BRDA:76,11,0,0
BRDA:76,11,1,0
BRDA:78,12,0,0
BRDA:78,12,1,0
BRDA:79,13,0,0
BRDA:79,13,1,0
BRDA:79,14,0,0
BRDA:79,14,1,0
BRDA:80,15,0,0
BRDA:80,15,1,0
BRDA:84,16,0,0
BRDA:84,16,1,0
BRDA:86,17,0,0
BRDA:86,17,1,0
BRDA:86,18,0,0
BRDA:86,18,1,0
BRDA:86,19,0,0
BRDA:86,19,1,0
BRDA:90,20,0,0
BRDA:90,20,1,0
BRDA:90,21,0,0
BRDA:90,21,1,0
BRDA:93,22,0,0
BRDA:94,23,0,0
BRDA:94,23,1,0
BRDA:95,24,0,0
BRDA:95,24,1,0
BRDA:100,25,0,0
BRDA:100,25,1,0
BRDA:102,26,0,0
BRDA:102,26,1,0
BRDA:103,27,0,0
BRDA:103,27,1,0
BRDA:103,28,0,0
BRDA:103,28,1,0
BRDA:138,29,0,0
BRDA:138,29,1,0
BRDA:140,30,0,0
BRDA:140,30,1,0
BRDA:152,31,0,0
BRDA:152,32,0,0
BRDA:152,33,0,0
BRDA:156,34,0,0
BRDA:156,34,1,0
BRDA:162,35,0,0
BRDA:162,35,1,0
BRDA:163,36,0,0
BRDA:163,36,1,0
BRDA:170,37,0,0
BRDA:180,38,0,0
BRDA:180,38,1,0
BRDA:185,39,0,0
BRDA:185,39,1,0
BRDA:197,40,0,0
BRDA:197,40,1,0
BRDA:197,41,0,0
BRDA:197,41,1,0
BRDA:234,42,0,0
BRDA:234,42,1,0
BRDA:258,43,0,0
BRDA:258,43,1,0
BRDA:264,44,0,0
BRDA:264,44,1,0
BRDA:265,45,0,0
BRDA:265,45,1,0
BRDA:278,46,0,0
BRDA:278,46,1,0
BRDA:279,47,0,0
BRDA:279,47,1,0
BRDA:280,48,0,0
BRDA:280,48,1,0
BRDA:282,49,0,0
BRDA:282,49,1,0
BRDA:283,50,0,0
BRDA:283,50,1,0
BRDA:284,51,0,0
BRDA:284,51,1,0
BRDA:286,52,0,0
BRDA:286,52,1,0
BRDA:287,53,0,0
BRDA:287,53,1,0
BRDA:289,54,0,0
BRDA:289,54,1,0
BRDA:297,55,0,0
BRDA:297,55,1,0
BRDA:303,56,0,0
BRDA:303,56,1,0
BRDA:307,57,0,0
BRDA:307,57,1,0
BRDA:311,58,0,0
BRDA:311,58,1,0
BRDA:312,59,0,0
BRDA:312,59,1,0
BRDA:313,60,0,0
BRDA:313,60,1,0
BRDA:313,61,0,0
BRDA:313,61,1,0
BRDA:314,62,0,0
BRDA:314,62,1,0
BRDA:315,63,0,0
BRDA:315,63,1,0
BRDA:315,64,0,0
BRDA:315,64,1,0
BRDA:316,65,0,0
BRDA:316,65,1,0
BRDA:317,66,0,0
BRDA:317,66,1,0
BRDA:318,67,0,0
BRDA:318,67,1,0
BRDA:318,68,0,0
BRDA:318,68,1,0
BRDA:319,69,0,0
BRDA:319,69,1,0
BRDA:320,70,0,0
BRDA:320,70,1,0
BRDA:321,71,0,0
BRDA:321,71,1,0
BRDA:335,72,0,0
BRDA:335,72,1,0
BRDA:357,73,0,0
BRDA:357,73,1,0
BRDA:364,74,0,0
BRDA:364,74,1,0
BRDA:371,75,0,0
BRDA:371,75,1,0
BRDA:375,76,0,0
BRDA:375,76,1,0
BRDA:387,77,0,0
BRDA:387,77,1,0
BRDA:390,78,0,0
BRDA:390,78,1,0
BRDA:395,79,0,0
BRDA:395,79,1,0
BRDA:397,80,0,0
BRDA:397,80,1,0
BRDA:413,81,0,0
BRDA:413,81,1,0
BRDA:414,82,0,0
BRDA:414,82,1,0
BRDA:414,83,0,0
BRDA:414,83,1,0
BRDA:414,84,0,0
BRDA:414,84,1,0
BRDA:415,85,0,0
BRDA:415,85,1,0
BRDA:415,86,0,0
BRDA:415,86,1,0
BRDA:415,87,0,0
BRDA:415,87,1,0
BRDA:418,88,0,0
BRDA:418,88,1,0
BRDA:418,89,0,0
BRDA:418,89,1,0
BRDA:418,90,0,0
BRDA:418,90,1,0
BRDA:419,91,0,0
BRDA:419,91,1,0
BRDA:419,92,0,0
BRDA:419,92,1,0
BRDA:419,93,0,0
BRDA:419,93,1,0
BRDA:423,94,0,0
BRDA:423,94,1,0
BRDA:423,95,0,0
BRDA:423,95,1,0
BRDA:423,96,0,0
BRDA:423,96,1,0
BRDA:433,97,0,0
BRDA:433,97,1,0
BRDA:433,98,0,0
BRDA:433,98,1,0
BRDA:434,99,0,0
BRDA:434,99,1,0
BRDA:437,100,0,0
BRDA:437,100,1,0
BRDA:438,101,0,0
BRDA:438,101,1,0
BRDA:438,102,0,0
BRDA:438,102,1,0
BRDA:438,103,0,0
BRDA:438,103,1,0
BRDA:439,104,0,0
BRDA:439,104,1,0
BRDA:439,105,0,0
BRDA:439,105,1,0
BRDA:439,106,0,0
BRDA:439,106,1,0
BRDA:442,107,0,0
BRDA:442,107,1,0
BRDA:442,108,0,0
BRDA:442,108,1,0
BRDA:443,109,0,0
BRDA:443,109,1,0
BRDA:443,110,0,0
BRDA:443,110,1,0
BRDA:446,111,0,0
BRDA:446,111,1,0
BRDA:446,112,0,0
BRDA:446,112,1,0
BRDA:447,113,0,0
BRDA:447,113,1,0
BRDA:448,114,0,0
BRDA:448,114,1,0
BRDA:448,115,0,0
BRDA:448,115,1,0
BRDA:448,116,0,0
BRDA:448,116,1,0
BRDA:451,117,0,0
BRDA:451,117,1,0
BRDA:451,118,0,0
BRDA:451,118,1,0
BRDA:454,119,0,0
BRDA:454,119,1,0
BRDA:454,120,0,0
BRDA:454,120,1,0
BRDA:455,121,0,0
BRDA:455,121,1,0
BRDA:456,122,0,0
BRDA:456,122,1,0
BRDA:456,123,0,0
BRDA:456,123,1,0
BRDA:456,124,0,0
BRDA:456,124,1,0
BRDA:461,125,0,0
BRDA:461,125,1,0
BRDA:462,126,0,0
BRDA:462,126,1,0
BRDA:463,127,0,0
BRDA:463,127,1,0
BRDA:463,128,0,0
BRDA:463,128,1,0
BRDA:463,129,0,0
BRDA:463,129,1,0
BRDA:487,130,0,0
BRDA:487,130,1,0
BRDA:488,131,0,0
BRDA:488,131,1,0
BRDA:503,132,0,0
BRDA:503,132,1,0
BRDA:504,133,0,0
BRDA:504,133,1,0
BRDA:527,134,0,0
BRDA:527,134,1,0
BRDA:528,135,0,0
BRDA:528,135,1,0
BRDA:543,136,0,0
BRDA:543,136,1,0
BRDA:544,137,0,0
BRDA:544,137,1,0
BRDA:551,138,0,0
BRDA:551,138,1,0
BRDA:557,139,0,0
BRDA:557,139,1,0
BRDA:558,140,0,0
BRDA:558,140,1,0
BRDA:577,141,0,0
BRDA:577,141,1,0
BRDA:578,142,0,0
BRDA:578,142,1,0
BRDA:594,143,0,0
BRDA:594,143,1,0
BRDA:595,144,0,0
BRDA:595,144,1,0
BRDA:613,145,0,0
BRDA:613,145,1,0
BRDA:613,146,0,0
BRDA:613,146,1,0
BRF:287
BRH:0
end_of_record
TN:
SF:src\pages\dashboard\components\InvestmentsTab.tsx
FN:23,HelpTooltip
FN:33,SectionTitle
FN:53,KpiCard
FN:77,InsightCard
FN:95,InvestmentsTab
FN:103,(anonymous_5)
FN:107,(anonymous_6)
FN:109,(anonymous_7)
FN:113,(anonymous_8)
FN:114,(anonymous_9)
FN:117,(anonymous_10)
FN:123,(anonymous_11)
FN:125,(anonymous_12)
FN:126,(anonymous_13)
FN:137,(anonymous_14)
FN:138,(anonymous_15)
FN:142,(anonymous_16)
FN:143,(anonymous_17)
FN:150,(anonymous_18)
FN:156,(anonymous_19)
FN:157,(anonymous_20)
FN:160,(anonymous_21)
FN:165,(anonymous_22)
FN:167,(anonymous_23)
FN:179,(anonymous_24)
FN:181,(anonymous_25)
FN:185,(anonymous_26)
FN:187,(anonymous_27)
FN:191,(anonymous_28)
FN:197,(anonymous_29)
FN:202,(anonymous_30)
FN:204,(anonymous_31)
FN:205,(anonymous_32)
FN:210,(anonymous_33)
FN:212,(anonymous_34)
FN:222,(anonymous_35)
FN:224,(anonymous_36)
FN:232,(anonymous_37)
FN:233,(anonymous_38)
FN:238,(anonymous_39)
FN:338,(anonymous_40)
FN:370,(anonymous_41)
FN:385,(anonymous_42)
FN:400,(anonymous_43)
FN:427,(anonymous_44)
FN:428,(anonymous_45)
FN:452,(anonymous_46)
FN:512,(anonymous_47)
FN:521,(anonymous_48)
FN:535,(anonymous_49)
FN:586,(anonymous_50)
FNF:51
FNH:0
FNDA:0,HelpTooltip
FNDA:0,SectionTitle
FNDA:0,KpiCard
FNDA:0,InsightCard
FNDA:0,InvestmentsTab
FNDA:0,(anonymous_5)
FNDA:0,(anonymous_6)
FNDA:0,(anonymous_7)
FNDA:0,(anonymous_8)
FNDA:0,(anonymous_9)
FNDA:0,(anonymous_10)
FNDA:0,(anonymous_11)
FNDA:0,(anonymous_12)
FNDA:0,(anonymous_13)
FNDA:0,(anonymous_14)
FNDA:0,(anonymous_15)
FNDA:0,(anonymous_16)
FNDA:0,(anonymous_17)
FNDA:0,(anonymous_18)
FNDA:0,(anonymous_19)
FNDA:0,(anonymous_20)
FNDA:0,(anonymous_21)
FNDA:0,(anonymous_22)
FNDA:0,(anonymous_23)
FNDA:0,(anonymous_24)
FNDA:0,(anonymous_25)
FNDA:0,(anonymous_26)
FNDA:0,(anonymous_27)
FNDA:0,(anonymous_28)
FNDA:0,(anonymous_29)
FNDA:0,(anonymous_30)
FNDA:0,(anonymous_31)
FNDA:0,(anonymous_32)
FNDA:0,(anonymous_33)
FNDA:0,(anonymous_34)
FNDA:0,(anonymous_35)
FNDA:0,(anonymous_36)
FNDA:0,(anonymous_37)
FNDA:0,(anonymous_38)
FNDA:0,(anonymous_39)
FNDA:0,(anonymous_40)
FNDA:0,(anonymous_41)
FNDA:0,(anonymous_42)
FNDA:0,(anonymous_43)
FNDA:0,(anonymous_44)
FNDA:0,(anonymous_45)
FNDA:0,(anonymous_46)
FNDA:0,(anonymous_47)
FNDA:0,(anonymous_48)
FNDA:0,(anonymous_49)
FNDA:0,(anonymous_50)
DA:24,0
DA:34,0
DA:59,0
DA:78,0
DA:96,0
DA:97,0
DA:98,0
DA:99,0
DA:100,0
DA:101,0
DA:103,0
DA:104,0
DA:107,0
DA:108,0
DA:110,0
DA:111,0
DA:113,0
DA:114,0
DA:117,0
DA:118,0
DA:119,0
DA:120,0
DA:123,0
DA:124,0
DA:125,0
DA:127,0
DA:130,0
DA:133,0
DA:137,0
DA:138,0
DA:142,0
DA:143,0
DA:147,0
DA:148,0
DA:150,0
DA:151,0
DA:152,0
DA:153,0
DA:155,0
DA:156,0
DA:157,0
DA:160,0
DA:161,0
DA:162,0
DA:165,0
DA:166,0
DA:167,0
DA:168,0
DA:171,0
DA:174,0
DA:179,0
DA:180,0
DA:181,0
DA:185,0
DA:186,0
DA:187,0
DA:191,0
DA:192,0
DA:193,0
DA:194,0
DA:195,0
DA:197,0
DA:198,0
DA:202,0
DA:203,0
DA:204,0
DA:205,0
DA:210,0
DA:211,0
DA:212,0
DA:213,0
DA:214,0
DA:217,0
DA:222,0
DA:223,0
DA:224,0
DA:225,0
DA:226,0
DA:228,0
DA:232,0
DA:233,0
DA:238,0
DA:239,0
DA:240,0
DA:243,0
DA:244,0
DA:246,0
DA:252,0
DA:338,0
DA:371,0
DA:372,0
DA:374,0
DA:375,0
DA:386,0
DA:387,0
DA:389,0
DA:390,0
DA:401,0
DA:403,0
DA:404,0
DA:428,0
DA:429,0
DA:430,0
DA:453,0
DA:454,0
DA:513,0
DA:521,0
DA:536,0
DA:537,0
DA:538,0
DA:539,0
DA:587,0
DA:588,0
DA:591,0
DA:592,0
DA:593,0
LF:116
LH:0
BRDA:38,0,0,0
BRDA:38,0,1,0
BRDA:55,1,0,0
BRDA:56,2,0,0
BRDA:57,3,0,0
BRDA:62,4,0,0
BRDA:62,4,1,0
BRDA:65,5,0,0
BRDA:65,5,1,0
BRDA:77,6,0,0
BRDA:80,7,0,0
BRDA:80,7,1,0
BRDA:127,8,0,0
BRDA:127,8,1,0
BRDA:130,9,0,0
BRDA:130,9,1,0
BRDA:148,10,0,0
BRDA:148,10,1,0
BRDA:153,11,0,0
BRDA:153,11,1,0
BRDA:161,12,0,0
BRDA:161,12,1,0
BRDA:166,13,0,0
BRDA:166,13,1,0
BRDA:168,14,0,0
BRDA:168,14,1,0
BRDA:171,15,0,0
BRDA:171,15,1,0
BRDA:180,16,0,0
BRDA:180,16,1,0
BRDA:186,17,0,0
BRDA:186,17,1,0
BRDA:192,18,0,0
BRDA:192,18,1,0
BRDA:195,19,0,0
BRDA:195,19,1,0
BRDA:198,20,0,0
BRDA:198,20,1,0
BRDA:211,21,0,0
BRDA:211,21,1,0
BRDA:214,22,0,0
BRDA:214,22,1,0
BRDA:223,23,0,0
BRDA:223,23,1,0
BRDA:223,24,0,0
BRDA:223,24,1,0
BRDA:239,25,0,0
BRDA:239,25,1,0
BRDA:239,26,0,0
BRDA:239,26,1,0
BRDA:246,27,0,0
BRDA:246,27,1,0
BRDA:260,28,0,0
BRDA:260,28,1,0
BRDA:260,29,0,0
BRDA:260,29,1,0
BRDA:261,30,0,0
BRDA:261,30,1,0
BRDA:303,31,0,0
BRDA:303,31,1,0
BRDA:304,32,0,0
BRDA:304,32,1,0
BRDA:305,33,0,0
BRDA:305,33,1,0
BRDA:306,34,0,0
BRDA:306,34,1,0
BRDA:311,35,0,0
BRDA:311,35,1,0
BRDA:312,36,0,0
BRDA:312,36,1,0
BRDA:313,37,0,0
BRDA:313,37,1,0
BRDA:314,38,0,0
BRDA:314,38,1,0
BRDA:321,39,0,0
BRDA:321,39,1,0
BRDA:325,40,0,0
BRDA:325,40,1,0
BRDA:326,41,0,0
BRDA:326,41,1,0
BRDA:327,42,0,0
BRDA:327,42,1,0
BRDA:328,43,0,0
BRDA:328,43,1,0
BRDA:334,44,0,0
BRDA:334,44,1,0
BRDA:335,45,0,0
BRDA:335,45,1,0
BRDA:336,46,0,0
BRDA:336,46,1,0
BRDA:337,47,0,0
BRDA:337,47,1,0
BRDA:352,48,0,0
BRDA:352,48,1,0
BRDA:366,49,0,0
BRDA:366,49,1,0
BRDA:370,50,0,0
BRDA:370,50,1,0
BRDA:372,51,0,0
BRDA:372,51,1,0
BRDA:379,52,0,0
BRDA:379,52,1,0
BRDA:379,53,0,0
BRDA:379,53,1,0
BRDA:385,54,0,0
BRDA:385,54,1,0
BRDA:385,54,2,0
BRDA:387,55,0,0
BRDA:387,55,1,0
BRDA:394,56,0,0
BRDA:394,56,1,0
BRDA:394,57,0,0
BRDA:394,57,1,0
BRDA:400,58,0,0
BRDA:400,58,1,0
BRDA:401,59,0,0
BRDA:401,59,1,0
BRDA:408,60,0,0
BRDA:408,60,1,0
BRDA:414,61,0,0
BRDA:414,61,1,0
BRDA:418,62,0,0
BRDA:418,62,1,0
BRDA:429,63,0,0
BRDA:429,63,1,0
BRDA:449,64,0,0
BRDA:449,64,1,0
BRDA:452,65,0,0
BRDA:452,65,1,0
BRDA:458,66,0,0
BRDA:458,66,1,0
BRDA:465,67,0,0
BRDA:465,67,1,0
BRDA:466,68,0,0
BRDA:466,68,1,0
BRDA:472,69,0,0
BRDA:472,69,1,0
BRDA:473,70,0,0
BRDA:473,70,1,0
BRDA:476,71,0,0
BRDA:476,71,1,0
BRDA:477,72,0,0
BRDA:477,72,1,0
BRDA:478,73,0,0
BRDA:478,73,1,0
BRDA:482,74,0,0
BRDA:482,74,1,0
BRDA:482,75,0,0
BRDA:482,75,1,0
BRDA:493,76,0,0
BRDA:493,76,1,0
BRDA:515,77,0,0
BRDA:515,77,1,0
BRDA:521,78,0,0
BRDA:521,78,1,0
BRDA:536,79,0,0
BRDA:536,79,1,0
BRDA:537,80,0,0
BRDA:537,80,1,0
BRDA:538,81,0,0
BRDA:538,81,1,0
BRDA:566,82,0,0
BRDA:566,82,1,0
BRDA:588,83,0,0
BRDA:588,83,1,0
BRDA:591,84,0,0
BRDA:591,84,1,0
BRDA:601,85,0,0
BRDA:601,85,1,0
BRDA:604,86,0,0
BRDA:604,86,1,0
BRDA:605,87,0,0
BRDA:605,87,1,0
BRDA:607,88,0,0
BRDA:607,88,1,0
BRDA:608,89,0,0
BRDA:608,89,1,0
BRF:177
BRH:0
end_of_record
TN:
SF:src\pages\dashboard\components\SummaryTab.tsx
FN:40,HelpTooltip
FN:50,SectionTitle
FN:55,Badge
FN:88,KpiCard
FN:112,InsightCard
FN:139,SummaryTab
FN:156,(anonymous_6)
FN:157,(anonymous_7)
FN:160,(anonymous_8)
FN:174,(anonymous_9)
FN:184,(anonymous_10)
FN:188,(anonymous_11)
FN:189,(anonymous_12)
FN:204,(anonymous_13)
FN:204,(anonymous_14)
FN:212,(anonymous_15)
FN:212,(anonymous_16)
FN:218,(anonymous_17)
FN:218,(anonymous_18)
FN:220,(anonymous_19)
FN:226,(anonymous_20)
FN:232,(anonymous_21)
FN:261,(anonymous_22)
FN:393,(anonymous_23)
FN:394,(anonymous_24)
FN:450,(anonymous_25)
FN:462,(anonymous_26)
FN:465,(anonymous_27)
FN:517,(anonymous_28)
FNF:29
FNH:0
FNDA:0,HelpTooltip
FNDA:0,SectionTitle
FNDA:0,Badge
FNDA:0,KpiCard
FNDA:0,InsightCard
FNDA:0,SummaryTab
FNDA:0,(anonymous_6)
FNDA:0,(anonymous_7)
FNDA:0,(anonymous_8)
FNDA:0,(anonymous_9)
FNDA:0,(anonymous_10)
FNDA:0,(anonymous_11)
FNDA:0,(anonymous_12)
FNDA:0,(anonymous_13)
FNDA:0,(anonymous_14)
FNDA:0,(anonymous_15)
FNDA:0,(anonymous_16)
FNDA:0,(anonymous_17)
FNDA:0,(anonymous_18)
FNDA:0,(anonymous_19)
FNDA:0,(anonymous_20)
FNDA:0,(anonymous_21)
FNDA:0,(anonymous_22)
FNDA:0,(anonymous_23)
FNDA:0,(anonymous_24)
FNDA:0,(anonymous_25)
FNDA:0,(anonymous_26)
FNDA:0,(anonymous_27)
FNDA:0,(anonymous_28)
DA:28,0
DA:41,0
DA:51,0
DA:56,0
DA:64,0
DA:69,0
DA:71,0
DA:95,0
DA:113,0
DA:114,0
DA:120,0
DA:140,0
DA:141,0
DA:142,0
DA:143,0
DA:144,0
DA:146,0
DA:147,0
DA:148,0
DA:149,0
DA:151,0
DA:152,0
DA:153,0
DA:154,0
DA:156,0
DA:157,0
DA:160,0
DA:161,0
DA:162,0
DA:164,0
DA:165,0
DA:166,0
DA:167,0
DA:170,0
DA:171,0
DA:174,0
DA:175,0
DA:176,0
DA:177,0
DA:178,0
DA:179,0
DA:180,0
DA:185,0
DA:186,0
DA:188,0
DA:189,0
DA:193,0
DA:194,0
DA:195,0
DA:196,0
DA:197,0
DA:198,0
DA:199,0
DA:200,0
DA:201,0
DA:202,0
DA:204,0
DA:212,0
DA:218,0
DA:220,0
DA:222,0
DA:224,0
DA:225,0
DA:226,0
DA:227,0
DA:228,0
DA:229,0
DA:230,0
DA:231,0
DA:232,0
DA:233,0
DA:234,0
DA:235,0
DA:237,0
DA:242,0
DA:243,0
DA:244,0
DA:245,0
DA:247,0
DA:253,0
DA:261,0
DA:393,0
DA:394,0
DA:450,0
DA:462,0
DA:465,0
DA:518,0
LF:87
LH:0
BRDA:64,0,0,0
BRDA:64,0,1,0
BRDA:69,1,0,0
BRDA:69,1,1,0
BRDA:90,2,0,0
BRDA:91,3,0,0
BRDA:92,4,0,0
BRDA:98,5,0,0
BRDA:98,5,1,0
BRDA:104,6,0,0
BRDA:104,6,1,0
BRDA:105,7,0,0
BRDA:105,7,1,0
BRDA:112,8,0,0
BRDA:122,9,0,0
BRDA:122,9,1,0
BRDA:127,10,0,0
BRDA:127,10,1,0
BRDA:164,11,0,0
BRDA:164,11,1,0
BRDA:170,12,0,0
BRDA:170,12,1,0
BRDA:171,13,0,0
BRDA:171,13,1,0
BRDA:193,14,0,0
BRDA:193,14,1,0
BRDA:194,15,0,0
BRDA:194,15,1,0
BRDA:195,16,0,0
BRDA:195,16,1,0
BRDA:197,17,0,0
BRDA:197,17,1,0
BRDA:198,18,0,0
BRDA:198,18,1,0
BRDA:199,19,0,0
BRDA:199,19,1,0
BRDA:201,20,0,0
BRDA:201,20,1,0
BRDA:202,21,0,0
BRDA:202,21,1,0
BRDA:204,22,0,0
BRDA:204,22,1,0
BRDA:212,23,0,0
BRDA:212,23,1,0
BRDA:218,24,0,0
BRDA:218,24,1,0
BRDA:222,25,0,0
BRDA:222,25,1,0
BRDA:225,26,0,0
BRDA:225,26,1,0
BRDA:226,27,0,0
BRDA:226,27,1,0
BRDA:227,28,0,0
BRDA:227,28,1,0
BRDA:227,29,0,0
BRDA:227,29,1,0
BRDA:228,30,0,0
BRDA:228,30,1,0
BRDA:229,31,0,0
BRDA:229,31,1,0
BRDA:229,32,0,0
BRDA:229,32,1,0
BRDA:230,33,0,0
BRDA:230,33,1,0
BRDA:231,34,0,0
BRDA:231,34,1,0
BRDA:232,35,0,0
BRDA:232,35,1,0
BRDA:232,36,0,0
BRDA:232,36,1,0
BRDA:233,37,0,0
BRDA:233,37,1,0
BRDA:234,38,0,0
BRDA:234,38,1,0
BRDA:235,39,0,0
BRDA:235,39,1,0
BRDA:247,40,0,0
BRDA:247,40,1,0
BRDA:273,41,0,0
BRDA:273,41,1,0
BRDA:276,42,0,0
BRDA:276,42,1,0
BRDA:281,43,0,0
BRDA:281,43,1,0
BRDA:283,44,0,0
BRDA:283,44,1,0
BRDA:309,45,0,0
BRDA:309,45,1,0
BRDA:319,46,0,0
BRDA:319,46,1,0
BRDA:319,47,0,0
BRDA:319,47,1,0
BRDA:319,48,0,0
BRDA:319,48,1,0
BRDA:329,49,0,0
BRDA:329,49,1,0
BRDA:329,50,0,0
BRDA:329,50,1,0
BRDA:329,51,0,0
BRDA:329,51,1,0
BRDA:334,52,0,0
BRDA:334,52,1,0
BRDA:334,53,0,0
BRDA:334,53,1,0
BRDA:334,54,0,0
BRDA:334,54,1,0
BRDA:335,55,0,0
BRDA:335,55,1,0
BRDA:335,56,0,0
BRDA:335,56,1,0
BRDA:335,57,0,0
BRDA:335,57,1,0
BRDA:339,58,0,0
BRDA:339,58,1,0
BRDA:339,59,0,0
BRDA:339,59,1,0
BRDA:339,60,0,0
BRDA:339,60,1,0
BRDA:349,61,0,0
BRDA:349,61,1,0
BRDA:349,62,0,0
BRDA:349,62,1,0
BRDA:350,63,0,0
BRDA:350,63,1,0
BRDA:353,64,0,0
BRDA:353,64,1,0
BRDA:354,65,0,0
BRDA:354,65,1,0
BRDA:354,66,0,0
BRDA:354,66,1,0
BRDA:354,67,0,0
BRDA:354,67,1,0
BRDA:355,68,0,0
BRDA:355,68,1,0
BRDA:355,69,0,0
BRDA:355,69,1,0
BRDA:355,70,0,0
BRDA:355,70,1,0
BRDA:358,71,0,0
BRDA:358,71,1,0
BRDA:358,72,0,0
BRDA:358,72,1,0
BRDA:359,73,0,0
BRDA:359,73,1,0
BRDA:359,74,0,0
BRDA:359,74,1,0
BRDA:362,75,0,0
BRDA:362,75,1,0
BRDA:362,76,0,0
BRDA:362,76,1,0
BRDA:363,77,0,0
BRDA:363,77,1,0
BRDA:364,78,0,0
BRDA:364,78,1,0
BRDA:364,79,0,0
BRDA:364,79,1,0
BRDA:364,80,0,0
BRDA:364,80,1,0
BRDA:367,81,0,0
BRDA:367,81,1,0
BRDA:367,82,0,0
BRDA:367,82,1,0
BRDA:370,83,0,0
BRDA:370,83,1,0
BRDA:370,84,0,0
BRDA:370,84,1,0
BRDA:371,85,0,0
BRDA:371,85,1,0
BRDA:372,86,0,0
BRDA:372,86,1,0
BRDA:372,87,0,0
BRDA:372,87,1,0
BRDA:372,88,0,0
BRDA:372,88,1,0
BRDA:377,89,0,0
BRDA:377,89,1,0
BRDA:378,90,0,0
BRDA:378,90,1,0
BRDA:379,91,0,0
BRDA:379,91,1,0
BRDA:379,92,0,0
BRDA:379,92,1,0
BRDA:379,93,0,0
BRDA:379,93,1,0
BRDA:401,94,0,0
BRDA:401,94,1,0
BRDA:402,95,0,0
BRDA:402,95,1,0
BRDA:417,96,0,0
BRDA:417,96,1,0
BRDA:418,97,0,0
BRDA:418,97,1,0
BRDA:441,98,0,0
BRDA:441,98,1,0
BRDA:442,99,0,0
BRDA:442,99,1,0
BRDA:457,100,0,0
BRDA:457,100,1,0
BRDA:458,101,0,0
BRDA:458,101,1,0
BRDA:465,102,0,0
BRDA:465,102,1,0
BRDA:471,103,0,0
BRDA:471,103,1,0
BRDA:472,104,0,0
BRDA:472,104,1,0
BRDA:491,105,0,0
BRDA:491,105,1,0
BRDA:492,106,0,0
BRDA:492,106,1,0
BRDA:508,107,0,0
BRDA:508,107,1,0
BRDA:509,108,0,0
BRDA:509,108,1,0
BRDA:527,109,0,0
BRDA:527,109,1,0
BRDA:527,110,0,0
BRDA:527,110,1,0
BRF:218
BRH:0
end_of_record
TN:
SF:src\pages\dashboard\components\dashboardUtils.ts
FN:21,toISODate
FN:25,clampISO
FN:31,fmtMonthLabel
FN:36,computeDates
FN:47,computePrevDates
FN:62,fmt
FN:66,fmtShort
FN:73,fmtDate
FN:77,fmtDateNumeric
FN:81,deltaBadge
FN:89,deltaPointsBadge
FN:95,toneFn
FN:99,toneToVariant
FN:106,(anonymous_13)
FN:108,(anonymous_14)
FNF:15
FNH:0
FNDA:0,toISODate
FNDA:0,clampISO
FNDA:0,fmtMonthLabel
FNDA:0,computeDates
FNDA:0,computePrevDates
FNDA:0,fmt
FNDA:0,fmtShort
FNDA:0,fmtDate
FNDA:0,fmtDateNumeric
FNDA:0,deltaBadge
FNDA:0,deltaPointsBadge
FNDA:0,toneFn
FNDA:0,toneToVariant
FNDA:0,(anonymous_13)
FNDA:0,(anonymous_14)
DA:19,0
DA:22,0
DA:26,0
DA:27,0
DA:28,0
DA:32,0
DA:33,0
DA:37,0
DA:38,0
DA:39,0
DA:40,0
DA:41,0
DA:42,0
DA:43,0
DA:44,0
DA:48,0
DA:49,0
DA:50,0
DA:52,0
DA:53,0
DA:54,0
DA:55,0
DA:59,0
DA:63,0
DA:67,0
DA:68,0
DA:69,0
DA:70,0
DA:74,0
DA:78,0
DA:82,0
DA:83,0
DA:84,0
DA:85,0
DA:86,0
DA:90,0
DA:91,0
DA:92,0
DA:96,0
DA:100,0
DA:101,0
DA:102,0
DA:106,0
DA:108,0
DA:112,0
DA:115,0
LF:46
LH:0
BRDA:26,0,0,0
BRDA:26,0,1,0
BRDA:27,1,0,0
BRDA:27,1,1,0
BRDA:38,2,0,0
BRDA:38,2,1,0
BRDA:40,3,0,0
BRDA:40,3,1,0
BRDA:42,4,0,0
BRDA:42,4,1,0
BRDA:48,5,0,0
BRDA:48,5,1,0
BRDA:62,6,0,0
BRDA:68,7,0,0
BRDA:68,7,1,0
BRDA:69,8,0,0
BRDA:69,8,1,0
BRDA:81,9,0,0
BRDA:82,10,0,0
BRDA:82,10,1,0
BRDA:82,11,0,0
BRDA:82,11,1,0
BRDA:84,12,0,0
BRDA:84,12,1,0
BRDA:85,13,0,0
BRDA:85,13,1,0
BRDA:85,14,0,0
BRDA:85,14,1,0
BRDA:86,15,0,0
BRDA:86,15,1,0
BRDA:90,16,0,0
BRDA:90,16,1,0
BRDA:92,17,0,0
BRDA:92,17,1,0
BRDA:92,18,0,0
BRDA:92,18,1,0
BRDA:92,19,0,0
BRDA:92,19,1,0
BRDA:96,20,0,0
BRDA:96,20,1,0
BRDA:96,21,0,0
BRDA:96,21,1,0
BRDA:99,22,0,0
BRDA:100,23,0,0
BRDA:100,23,1,0
BRDA:101,24,0,0
BRDA:101,24,1,0
BRDA:106,25,0,0
BRDA:106,25,1,0
BRDA:112,26,0,0
BRDA:112,26,1,0
BRDA:112,27,0,0
BRDA:112,27,1,0
BRDA:112,28,0,0
BRDA:112,28,1,0
BRF:55
BRH:0
end_of_record
TN:
SF:src\pages\investments\InvestmentsPage.tsx
FN:21,formatCurrency
FN:30,formatDate
FN:44,instrumentBadge
FN:63,emptyForm
FN:88,InvestmentModal
FN:94,(anonymous_5)
FN:96,(anonymous_6)
FN:135,(anonymous_7)
FN:135,(anonymous_8)
FN:147,(anonymous_9)
FN:147,(anonymous_10)
FN:156,(anonymous_11)
FN:156,(anonymous_12)
FN:175,(anonymous_13)
FN:175,(anonymous_14)
FN:187,(anonymous_15)
FN:187,(anonymous_16)
FN:203,(anonymous_17)
FN:203,(anonymous_18)
FN:212,(anonymous_19)
FN:212,(anonymous_20)
FN:238,KpiCard
FN:249,InvestmentsPage
FN:267,(anonymous_23)
FN:267,(anonymous_24)
FN:269,(anonymous_25)
FN:269,(anonymous_26)
FN:282,(anonymous_27)
FN:283,(anonymous_28)
FN:284,(anonymous_29)
FN:285,(anonymous_30)
FN:299,openCreate
FN:304,openEdit
FN:317,buildCreatePayload
FN:339,buildUpdatePayload
FN:359,handleCreate
FN:366,(anonymous_36)
FN:377,handleUpdate
FN:385,(anonymous_38)
FN:385,(anonymous_39)
FN:396,handleDelete
FN:401,(anonymous_41)
FN:401,(anonymous_42)
FN:413,(anonymous_43)
FN:417,(anonymous_44)
FN:466,(anonymous_45)
FN:517,(anonymous_46)
FN:535,(anonymous_47)
FN:536,(anonymous_48)
FN:596,(anonymous_49)
FN:611,(anonymous_50)
FN:622,(anonymous_51)
FNF:52
FNH:0
FNDA:0,formatCurrency
FNDA:0,formatDate
FNDA:0,instrumentBadge
FNDA:0,emptyForm
FNDA:0,InvestmentModal
FNDA:0,(anonymous_5)
FNDA:0,(anonymous_6)
FNDA:0,(anonymous_7)
FNDA:0,(anonymous_8)
FNDA:0,(anonymous_9)
FNDA:0,(anonymous_10)
FNDA:0,(anonymous_11)
FNDA:0,(anonymous_12)
FNDA:0,(anonymous_13)
FNDA:0,(anonymous_14)
FNDA:0,(anonymous_15)
FNDA:0,(anonymous_16)
FNDA:0,(anonymous_17)
FNDA:0,(anonymous_18)
FNDA:0,(anonymous_19)
FNDA:0,(anonymous_20)
FNDA:0,KpiCard
FNDA:0,InvestmentsPage
FNDA:0,(anonymous_23)
FNDA:0,(anonymous_24)
FNDA:0,(anonymous_25)
FNDA:0,(anonymous_26)
FNDA:0,(anonymous_27)
FNDA:0,(anonymous_28)
FNDA:0,(anonymous_29)
FNDA:0,(anonymous_30)
FNDA:0,openCreate
FNDA:0,openEdit
FNDA:0,buildCreatePayload
FNDA:0,buildUpdatePayload
FNDA:0,handleCreate
FNDA:0,(anonymous_36)
FNDA:0,handleUpdate
FNDA:0,(anonymous_38)
FNDA:0,(anonymous_39)
FNDA:0,handleDelete
FNDA:0,(anonymous_41)
FNDA:0,(anonymous_42)
FNDA:0,(anonymous_43)
FNDA:0,(anonymous_44)
FNDA:0,(anonymous_45)
FNDA:0,(anonymous_46)
FNDA:0,(anonymous_47)
FNDA:0,(anonymous_48)
FNDA:0,(anonymous_49)
FNDA:0,(anonymous_50)
FNDA:0,(anonymous_51)
DA:23,0
DA:31,0
DA:34,0
DA:45,0
DA:46,0
DA:65,0
DA:91,0
DA:92,0
DA:94,0
DA:96,0
DA:97,0
DA:102,0
DA:135,0
DA:147,0
DA:156,0
DA:175,0
DA:187,0
DA:203,0
DA:212,0
DA:239,0
DA:250,0
DA:251,0
DA:253,0
DA:255,0
DA:256,0
DA:257,0
DA:258,0
DA:259,0
DA:262,0
DA:263,0
DA:264,0
DA:265,0
DA:267,0
DA:269,0
DA:271,0
DA:272,0
DA:273,0
DA:274,0
DA:276,0
DA:277,0
DA:278,0
DA:279,0
DA:282,0
DA:283,0
DA:284,0
DA:285,0
DA:287,0
DA:288,0
DA:289,0
DA:291,0
DA:292,0
DA:300,0
DA:301,0
DA:305,0
DA:314,0
DA:318,0
DA:319,0
DA:320,0
DA:323,0
DA:324,0
DA:325,0
DA:326,0
DA:328,0
DA:340,0
DA:341,0
DA:342,0
DA:345,0
DA:346,0
DA:347,0
DA:348,0
DA:350,0
DA:360,0
DA:361,0
DA:362,0
DA:363,0
DA:364,0
DA:365,0
DA:366,0
DA:367,0
DA:368,0
DA:370,0
DA:371,0
DA:373,0
DA:378,0
DA:379,0
DA:380,0
DA:381,0
DA:382,0
DA:383,0
DA:384,0
DA:385,0
DA:386,0
DA:387,0
DA:389,0
DA:390,0
DA:392,0
DA:397,0
DA:398,0
DA:399,0
DA:400,0
DA:401,0
DA:402,0
DA:403,0
DA:405,0
DA:407,0
DA:411,0
DA:413,0
DA:415,0
DA:417,0
DA:419,0
DA:425,0
DA:426,0
DA:433,0
DA:466,0
DA:518,0
DA:519,0
DA:520,0
DA:521,0
DA:523,0
DA:535,0
DA:536,0
DA:596,0
DA:611,0
DA:622,0
LF:124
LH:0
BRDA:45,0,0,0
BRDA:45,0,1,0
BRDA:114,1,0,0
BRDA:114,1,1,0
BRDA:163,2,0,0
BRDA:163,2,1,0
BRDA:168,3,0,0
BRDA:168,3,1,0
BRDA:176,4,0,0
BRDA:176,4,1,0
BRDA:188,5,0,0
BRDA:188,5,1,0
BRDA:198,6,0,0
BRDA:198,6,1,0
BRDA:218,7,0,0
BRDA:218,7,1,0
BRDA:243,8,0,0
BRDA:243,8,1,0
BRDA:243,9,0,0
BRDA:243,9,1,0
BRDA:271,10,0,0
BRDA:271,10,1,0
BRDA:274,11,0,0
BRDA:274,11,1,0
BRDA:274,12,0,0
BRDA:274,12,1,0
BRDA:274,13,0,0
BRDA:274,13,1,0
BRDA:276,14,0,0
BRDA:276,14,1,0
BRDA:276,15,0,0
BRDA:276,15,1,0
BRDA:277,16,0,0
BRDA:277,16,1,0
BRDA:277,17,0,0
BRDA:277,17,1,0
BRDA:278,18,0,0
BRDA:278,18,1,0
BRDA:278,19,0,0
BRDA:278,19,1,0
BRDA:288,20,0,0
BRDA:288,20,1,0
BRDA:291,21,0,0
BRDA:291,21,1,0
BRDA:291,21,2,0
BRDA:291,21,3,0
BRDA:293,22,0,0
BRDA:293,22,1,0
BRDA:294,23,0,0
BRDA:294,23,1,0
BRDA:294,23,2,0
BRDA:295,24,0,0
BRDA:295,24,1,0
BRDA:296,25,0,0
BRDA:296,25,1,0
BRDA:323,26,0,0
BRDA:323,26,1,0
BRDA:324,27,0,0
BRDA:324,27,1,0
BRDA:324,28,0,0
BRDA:324,28,1,0
BRDA:325,29,0,0
BRDA:325,29,1,0
BRDA:325,30,0,0
BRDA:325,30,1,0
BRDA:326,31,0,0
BRDA:326,31,1,0
BRDA:345,32,0,0
BRDA:345,32,1,0
BRDA:346,33,0,0
BRDA:346,33,1,0
BRDA:346,34,0,0
BRDA:346,34,1,0
BRDA:347,35,0,0
BRDA:347,35,1,0
BRDA:347,36,0,0
BRDA:347,36,1,0
BRDA:348,37,0,0
BRDA:348,37,1,0
BRDA:362,38,0,0
BRDA:362,38,1,0
BRDA:370,39,0,0
BRDA:370,39,1,0
BRDA:371,40,0,0
BRDA:371,40,1,0
BRDA:379,41,0,0
BRDA:379,41,1,0
BRDA:381,42,0,0
BRDA:381,42,1,0
BRDA:385,43,0,0
BRDA:385,43,1,0
BRDA:389,44,0,0
BRDA:389,44,1,0
BRDA:390,45,0,0
BRDA:390,45,1,0
BRDA:397,46,0,0
BRDA:397,46,1,0
BRDA:425,47,0,0
BRDA:425,47,1,0
BRDA:455,48,0,0
BRDA:455,48,1,0
BRDA:456,49,0,0
BRDA:456,49,1,0
BRDA:457,50,0,0
BRDA:457,50,1,0
BRDA:458,51,0,0
BRDA:458,51,1,0
BRDA:466,52,0,0
BRDA:466,52,1,0
BRDA:509,53,0,0
BRDA:509,53,1,0
BRDA:511,54,0,0
BRDA:511,54,1,0
BRDA:519,55,0,0
BRDA:519,55,1,0
BRDA:526,56,0,0
BRDA:526,56,1,0
BRDA:532,57,0,0
BRDA:532,57,1,0
BRDA:565,58,0,0
BRDA:565,58,1,0
BRDA:566,59,0,0
BRDA:566,59,1,0
BRDA:567,60,0,0
BRDA:567,60,1,0
BRDA:568,61,0,0
BRDA:568,61,1,0
BRDA:586,62,0,0
BRDA:586,62,1,0
BRDA:601,63,0,0
BRDA:601,63,1,0
BRDA:616,64,0,0
BRDA:616,64,1,0
BRF:133
BRH:0
end_of_record
TN:
SF:src\pages\investments\components\InvestmentCard.tsx
FN:8,formatDate
FN:19,InvestmentCard
FN:37,(anonymous_2)
FN:38,(anonymous_3)
FNF:4
FNH:0
FNDA:0,formatDate
FNDA:0,InvestmentCard
FNDA:0,(anonymous_2)
FNDA:0,(anonymous_3)
DA:9,0
DA:20,0
DA:21,0
DA:22,0
DA:23,0
DA:25,0
DA:37,0
DA:38,0
LF:8
LH:0
BRDA:21,0,0,0
BRDA:21,0,1,0
BRDA:23,1,0,0
BRDA:23,1,1,0
BRDA:28,2,0,0
BRDA:28,2,1,0
BRDA:34,3,0,0
BRDA:34,3,1,0
BRDA:66,4,0,0
BRDA:66,4,1,0
BRDA:67,5,0,0
BRDA:67,5,1,0
BRDA:68,6,0,0
BRDA:68,6,1,0
BRDA:69,7,0,0
BRDA:69,7,1,0
BRF:16
BRH:0
end_of_record
TN:
SF:src\pages\investments\components\InvestmentModal.tsx
[...]
DA:245,0
DA:246,0
DA:247,0
DA:250,0
DA:251,0
DA:254,0
DA:255,0
DA:256,0
DA:259,0
DA:260,0
DA:263,0
DA:265,0
DA:268,0
DA:269,0
DA:270,0
DA:271,0
DA:273,0
DA:274,0
DA:275,0
DA:278,0
DA:279,0
DA:280,0
DA:283,0
DA:284,0
DA:287,0
DA:291,0
DA:295,0
DA:296,0
DA:300,0
DA:301,0
DA:305,0
DA:306,0
DA:314,0
DA:315,0
DA:316,0
DA:319,0
DA:320,0
DA:321,0
DA:323,0
DA:324,0
DA:325,0
DA:327,0
DA:328,0
DA:329,0
DA:332,0
DA:333,0
DA:334,0
DA:335,0
DA:338,0
DA:347,0
DA:348,0
DA:350,0
DA:351,0
DA:352,0
DA:354,0
DA:355,0
DA:356,0
DA:359,0
DA:360,0
DA:361,0
DA:362,0
DA:365,0
DA:372,0
DA:373,0
DA:374,0
DA:376,0
DA:377,0
DA:378,0
DA:379,0
DA:380,0
DA:381,0
DA:383,0
DA:385,0
DA:390,0
DA:391,0
DA:392,0
DA:393,0
DA:395,0
DA:396,0
DA:397,0
DA:398,0
DA:399,0
DA:400,0
DA:401,0
DA:403,0
DA:405,0
DA:410,0
DA:411,0
DA:412,0
DA:413,0
DA:414,0
DA:415,0
DA:416,0
DA:418,0
DA:420,0
DA:424,0
DA:425,0
DA:432,0
DA:468,0
DA:469,0
DA:480,0
DA:490,0
DA:512,0
DA:513,0
DA:515,0
DA:522,0
DA:530,0
DA:554,0
DA:555,0
LF:150
LH:0
BRDA:41,0,0,0
BRDA:41,0,1,0
BRDA:43,1,0,0
BRDA:43,1,1,0
BRDA:43,2,0,0
BRDA:43,2,1,0
BRDA:161,3,0,0
BRDA:161,3,1,0
BRDA:166,4,0,0
BRDA:166,4,1,0
BRDA:178,5,0,0
BRDA:178,5,1,0
BRDA:178,6,0,0
BRDA:178,6,1,0
BRDA:178,6,2,0
BRDA:184,7,0,0
BRDA:184,7,1,0
BRDA:200,8,0,0
BRDA:200,8,1,0
BRDA:242,9,0,0
BRDA:242,9,1,0
BRDA:243,10,0,0
BRDA:243,10,1,0
BRDA:243,11,0,0
BRDA:243,11,1,0
BRDA:245,12,0,0
BRDA:245,12,1,0
BRDA:247,13,0,0
BRDA:247,13,1,0
BRDA:250,14,0,0
BRDA:250,14,1,0
BRDA:250,15,0,0
BRDA:250,15,1,0
BRDA:254,16,0,0
BRDA:254,16,1,0
BRDA:256,17,0,0
BRDA:256,17,1,0
BRDA:259,18,0,0
BRDA:259,18,1,0
BRDA:259,19,0,0
BRDA:259,19,1,0
BRDA:271,20,0,0
BRDA:271,20,1,0
BRDA:273,21,0,0
BRDA:273,21,1,0
BRDA:275,22,0,0
BRDA:275,22,1,0
BRDA:278,23,0,0
BRDA:278,23,1,0
BRDA:280,24,0,0
BRDA:280,24,1,0
BRDA:283,25,0,0
BRDA:283,25,1,0
BRDA:319,26,0,0
BRDA:319,26,1,0
BRDA:323,27,0,0
BRDA:323,27,1,0
BRDA:323,28,0,0
BRDA:323,28,1,0
BRDA:327,29,0,0
BRDA:327,29,1,0
BRDA:327,30,0,0
BRDA:327,30,1,0
BRDA:333,31,0,0
BRDA:333,31,1,0
BRDA:350,32,0,0
BRDA:350,32,1,0
BRDA:354,33,0,0
BRDA:354,33,1,0
BRDA:354,34,0,0
BRDA:354,34,1,0
BRDA:360,35,0,0
BRDA:360,35,1,0
BRDA:374,36,0,0
BRDA:374,36,1,0
BRDA:391,37,0,0
BRDA:391,37,1,0
BRDA:393,38,0,0
BRDA:393,38,1,0
BRDA:398,39,0,0
BRDA:398,39,1,0
BRDA:410,40,0,0
BRDA:410,40,1,0
BRDA:424,41,0,0
BRDA:424,41,1,0
BRDA:441,42,0,0
BRDA:441,42,1,0
BRDA:455,43,0,0
BRDA:455,43,1,0
BRDA:474,44,0,0
BRDA:474,44,1,0
BRDA:493,45,0,0
BRDA:493,45,1,0
BRDA:498,46,0,0
BRDA:498,46,1,0
BRDA:501,47,0,0
BRDA:501,47,1,0
BRDA:504,48,0,0
BRDA:504,48,1,0
BRDA:515,49,0,0
BRDA:515,49,1,0
BRDA:522,50,0,0
BRDA:522,50,1,0
BRDA:549,51,0,0
BRDA:549,51,1,0
BRDA:564,52,0,0
BRDA:564,52,1,0
BRDA:564,52,2,0
BRF:108
BRH:0
end_of_record
TN:
SF:src\pages\pockets\components\PocketCard.tsx
FN:15,buildAccountVisualStyle
FN:37,PocketCard
FN:77,(anonymous_2)
FN:78,(anonymous_3)
FNF:4
FNH:0
FNDA:0,buildAccountVisualStyle
FNDA:0,PocketCard
FNDA:0,(anonymous_2)
FNDA:0,(anonymous_3)
DA:16,0
DA:17,0
DA:18,0
DA:19,0
DA:21,0
DA:38,0
DA:45,0
DA:53,0
DA:77,0
DA:78,0
LF:10
LH:0
BRDA:38,0,0,0
BRDA:38,0,1,0
BRDA:45,1,0,0
BRDA:45,1,1,0
BRDA:72,2,0,0
BRDA:72,2,1,0
BRF:6
BRH:0
end_of_record
TN:
SF:src\pages\pockets\components\PocketModal.tsx
FN:36,PocketModal
FN:49,(anonymous_1)
FN:74,(anonymous_2)
FN:74,(anonymous_3)
FN:84,(anonymous_4)
FN:84,(anonymous_5)
FN:87,(anonymous_6)
FN:101,(anonymous_7)
FN:101,(anonymous_8)
FNF:9
FNH:0
FNDA:0,PocketModal
FNDA:0,(anonymous_1)
FNDA:0,(anonymous_2)
FNDA:0,(anonymous_3)
FNDA:0,(anonymous_4)
FNDA:0,(anonymous_5)
FNDA:0,(anonymous_6)
FNDA:0,(anonymous_7)
FNDA:0,(anonymous_8)
DA:16,0
DA:49,0
DA:51,0
DA:74,0
DA:84,0
DA:87,0
DA:101,0
LF:7
LH:0
BRDA:97,0,0,0
BRDA:97,0,1,0
BRDA:102,1,0,0
BRDA:102,1,1,0
BRDA:119,2,0,0
BRDA:119,2,1,0
BRDA:119,3,0,0
BRDA:119,3,1,0
BRDA:119,3,2,0
BRDA:126,4,0,0
BRDA:126,4,1,0
BRDA:142,5,0,0
BRDA:142,5,1,0
BRF:13
BRH:0
end_of_record
TN:
SF:src\pages\pockets\components\PocketsFiltersCard.tsx
FN:25,PocketsFiltersCard
FN:40,(anonymous_1)
FN:40,(anonymous_2)
FN:49,(anonymous_3)
FN:49,(anonymous_4)
FN:52,(anonymous_5)
FN:63,(anonymous_6)
FN:63,(anonymous_7)
FN:66,(anonymous_8)
FN:77,(anonymous_9)
FN:77,(anonymous_10)
FNF:11
FNH:0
FNDA:0,PocketsFiltersCard
FNDA:0,(anonymous_1)
FNDA:0,(anonymous_2)
FNDA:0,(anonymous_3)
FNDA:0,(anonymous_4)
FNDA:0,(anonymous_5)
FNDA:0,(anonymous_6)
FNDA:0,(anonymous_7)
FNDA:0,(anonymous_8)
FNDA:0,(anonymous_9)
FNDA:0,(anonymous_10)
DA:33,0
DA:34,0
DA:40,0
DA:49,0
DA:52,0
DA:63,0
DA:66,0
DA:77,0
LF:8
LH:0
BRF:0
BRH:0
end_of_record
TN:
SF:src\pages\profile\ProfilePage.tsx
FN:16,ProfilePage
FN:31,(anonymous_1)
FN:32,(anonymous_2)
FN:35,(anonymous_3)
FN:37,(anonymous_4)
FN:41,(anonymous_5)
FN:42,(anonymous_6)
FN:45,(anonymous_7)
FN:87,(anonymous_8)
FN:118,(anonymous_9)
FN:200,(anonymous_10)
FN:279,(anonymous_11)
FN:281,(anonymous_12)
FNF:13
FNH:0
FNDA:0,ProfilePage
FNDA:0,(anonymous_1)
FNDA:0,(anonymous_2)
FNDA:0,(anonymous_3)
FNDA:0,(anonymous_4)
FNDA:0,(anonymous_5)
FNDA:0,(anonymous_6)
FNDA:0,(anonymous_7)
FNDA:0,(anonymous_8)
FNDA:0,(anonymous_9)
FNDA:0,(anonymous_10)
FNDA:0,(anonymous_11)
FNDA:0,(anonymous_12)
DA:17,0
DA:18,0
DA:19,0
DA:21,0
DA:28,0
DA:29,0
DA:31,0
DA:32,0
DA:33,0
DA:35,0
DA:36,0
DA:37,0
DA:41,0
DA:42,0
DA:45,0
DA:46,0
DA:48,0
DA:49,0
DA:50,0
DA:52,0
DA:53,0
DA:54,0
DA:58,0
DA:59,0
DA:60,0
DA:61,0
DA:63,0
DA:64,0
DA:65,0
DA:67,0
DA:68,0
DA:69,0
DA:73,0
DA:74,0
DA:75,0
DA:79,0
DA:80,0
DA:81,0
DA:84,0
DA:85,0
DA:86,0
DA:87,0
DA:88,0
DA:91,0
DA:92,0
DA:93,0
DA:95,0
DA:96,0
DA:97,0
DA:98,0
DA:99,0
DA:100,0
DA:101,0
DA:103,0
DA:105,0
DA:106,0
DA:107,0
DA:108,0
DA:110,0
DA:113,0
DA:117,0
DA:118,0
DA:121,0
DA:200,0
DA:280,0
DA:281,0
LF:66
LH:0
BRDA:22,0,0,0
BRDA:22,0,1,0
BRDA:23,1,0,0
BRDA:23,1,1,0
BRDA:33,2,0,0
BRDA:33,2,1,0
BRDA:36,3,0,0
BRDA:36,3,1,0
BRDA:48,4,0,0
BRDA:48,4,1,0
BRDA:52,5,0,0
BRDA:52,5,1,0
BRDA:58,6,0,0
BRDA:58,6,1,0
BRDA:59,7,0,0
BRDA:59,7,1,0
BRDA:63,8,0,0
BRDA:63,8,1,0
BRDA:67,9,0,0
BRDA:67,9,1,0
BRDA:79,10,0,0
BRDA:79,10,1,0
BRDA:93,11,0,0
BRDA:93,11,1,0
BRDA:95,12,0,0
BRDA:95,12,1,0
BRDA:96,13,0,0
BRDA:96,13,1,0
BRDA:96,14,0,0
BRDA:96,14,1,0
BRDA:98,15,0,0
BRDA:98,15,1,0
BRDA:100,16,0,0
BRDA:100,16,1,0
BRDA:103,17,0,0
BRDA:103,17,1,0
BRDA:105,18,0,0
BRDA:105,18,1,0
BRDA:105,19,0,0
BRDA:105,19,1,0
BRDA:107,20,0,0
BRDA:107,20,1,0
BRDA:117,21,0,0
BRDA:117,21,1,0
BRDA:195,22,0,0
BRDA:195,22,1,0
BRDA:234,23,0,0
BRDA:234,23,1,0
BRDA:235,24,0,0
BRDA:235,24,1,0
BRDA:241,25,0,0
BRDA:241,25,1,0
BRDA:245,26,0,0
BRDA:245,26,1,0
BRDA:246,27,0,0
BRDA:246,27,1,0
BRDA:248,28,0,0
BRDA:248,28,1,0
BRDA:249,29,0,0
BRDA:249,29,1,0
BRDA:251,30,0,0
BRDA:251,30,1,0
BRDA:252,31,0,0
BRDA:252,31,1,0
BRDA:254,32,0,0
BRDA:254,32,1,0
BRDA:255,33,0,0
BRDA:255,33,1,0
BRDA:271,34,0,0
BRDA:271,34,1,0
BRDA:272,35,0,0
BRDA:272,35,1,0
BRDA:273,36,0,0
BRDA:273,36,1,0
BRDA:301,37,0,0
BRDA:301,37,1,0
BRF:76
BRH:0
end_of_record
TN:
SF:src\pages\transactions\TransactionsPage.tsx
FN:20,toDateInputValue
FN:27,toTimeInputValue
FN:33,buildDefaultFilters
FN:51,buildDefaultForm
FN:64,normalizeTransactionType
FN:68,getCategoryName
FN:70,(anonymous_6)
FN:73,getAccountName
FN:74,(anonymous_8)
FN:78,getCompactAccountName
FN:82,getPeriodLabel
FN:91,resolvePeriodRange
FN:112,buildTransactionParams
FN:126,TransactionsPage
FN:129,(anonymous_14)
FN:130,(anonymous_15)
FN:145,(anonymous_16)
FN:149,(anonymous_17)
FN:159,(anonymous_18)
FN:160,(anonymous_19)
FN:161,(anonymous_20)
FN:164,(anonymous_21)
FN:168,(anonymous_22)
FN:169,(anonymous_23)
FN:176,(anonymous_24)
FN:178,(anonymous_25)
FN:179,(anonymous_26)
FN:188,(anonymous_27)
FN:189,(anonymous_28)
FN:191,(anonymous_29)
FN:192,(anonymous_30)
FN:207,resetForm
FN:213,handleEdit
FN:228,handleSubmit
FN:302,handleTransfer
FN:324,handleMoveToPocket
FN:351,handleDelete
FN:394,(anonymous_37)
FN:404,(anonymous_38)
FN:415,(anonymous_39)
FN:422,(anonymous_40)
FN:423,(anonymous_41)
FN:435,(anonymous_42)
FN:449,(anonymous_43)
FN:449,(anonymous_44)
FN:450,(anonymous_45)
FN:450,(anonymous_46)
FN:452,(anonymous_47)
FN:452,(anonymous_48)
FN:457,(anonymous_49)
FN:461,(anonymous_50)
FN:473,(anonymous_51)
FN:485,(anonymous_52)
FN:496,(anonymous_53)
FNF:54
FNH:0
FNDA:0,toDateInputValue
FNDA:0,toTimeInputValue
FNDA:0,buildDefaultFilters
FNDA:0,buildDefaultForm
FNDA:0,normalizeTransactionType
FNDA:0,getCategoryName
FNDA:0,(anonymous_6)
FNDA:0,getAccountName
FNDA:0,(anonymous_8)
FNDA:0,getCompactAccountName
FNDA:0,getPeriodLabel
FNDA:0,resolvePeriodRange
FNDA:0,buildTransactionParams
FNDA:0,TransactionsPage
FNDA:0,(anonymous_14)
FNDA:0,(anonymous_15)
FNDA:0,(anonymous_16)
FNDA:0,(anonymous_17)
FNDA:0,(anonymous_18)
FNDA:0,(anonymous_19)
FNDA:0,(anonymous_20)
FNDA:0,(anonymous_21)
FNDA:0,(anonymous_22)
FNDA:0,(anonymous_23)
FNDA:0,(anonymous_24)
FNDA:0,(anonymous_25)
FNDA:0,(anonymous_26)
FNDA:0,(anonymous_27)
FNDA:0,(anonymous_28)
FNDA:0,(anonymous_29)
FNDA:0,(anonymous_30)
FNDA:0,resetForm
FNDA:0,handleEdit
FNDA:0,handleSubmit
FNDA:0,handleTransfer
FNDA:0,handleMoveToPocket
FNDA:0,handleDelete
FNDA:0,(anonymous_37)
FNDA:0,(anonymous_38)
FNDA:0,(anonymous_39)
FNDA:0,(anonymous_40)
FNDA:0,(anonymous_41)
FNDA:0,(anonymous_42)
FNDA:0,(anonymous_43)
FNDA:0,(anonymous_44)
FNDA:0,(anonymous_45)
FNDA:0,(anonymous_46)
FNDA:0,(anonymous_47)
FNDA:0,(anonymous_48)
FNDA:0,(anonymous_49)
FNDA:0,(anonymous_50)
FNDA:0,(anonymous_51)
FNDA:0,(anonymous_52)
FNDA:0,(anonymous_53)
DA:21,0
DA:22,0
DA:23,0
DA:24,0
DA:28,0
DA:29,0
DA:30,0
DA:34,0
DA:35,0
DA:36,0
DA:39,0
DA:53,0
DA:65,0
DA:69,0
DA:70,0
DA:74,0
DA:75,0
DA:79,0
DA:83,0
DA:84,0
DA:85,0
DA:86,0
DA:87,0
DA:88,0
DA:92,0
DA:94,0
DA:95,0
DA:96,0
DA:97,0
DA:98,0
DA:99,0
DA:101,0
DA:102,0
DA:103,0
DA:104,0
DA:106,0
DA:107,0
DA:109,0
DA:113,0
DA:115,0
DA:127,0
DA:128,0
DA:129,0
DA:130,0
DA:131,0
DA:132,0
DA:133,0
DA:134,0
DA:135,0
DA:136,0
DA:137,0
DA:138,0
DA:139,0
DA:142,0
DA:145,0
DA:146,0
DA:149,0
DA:150,0
DA:153,0
DA:157,0
DA:159,0
DA:160,0
DA:161,0
DA:164,0
DA:165,0
DA:168,0
DA:169,0
DA:170,0
DA:171,0
DA:175,0
DA:176,0
DA:177,0
DA:178,0
DA:179,0
DA:180,0
DA:184,0
DA:187,0
DA:188,0
DA:189,0
DA:190,0
DA:191,0
DA:192,0
DA:193,0
DA:194,0
DA:195,0
DA:196,0
DA:197,0
DA:198,0
DA:199,0
DA:208,0
DA:209,0
DA:210,0
DA:214,0
DA:215,0
DA:216,0
DA:217,0
DA:229,0
DA:231,0
DA:232,0
DA:233,0
DA:236,0
DA:237,0
DA:238,0
DA:241,0
DA:242,0
DA:243,0
DA:244,0
DA:247,0
DA:248,0
DA:249,0
DA:252,0
DA:253,0
DA:254,0
DA:257,0
DA:258,0
DA:259,0
DA:262,0
DA:263,0
DA:264,0
DA:267,0
DA:268,0
DA:269,0
DA:272,0
DA:273,0
DA:284,0
DA:285,0
DA:286,0
DA:287,0
DA:288,0
DA:290,0
DA:291,0
DA:293,0
DA:294,0
DA:296,0
DA:298,0
DA:303,0
DA:304,0
DA:306,0
DA:307,0
DA:308,0
DA:314,0
DA:315,0
DA:316,0
DA:318,0
DA:320,0
DA:331,0
DA:332,0
DA:333,0
DA:334,0
DA:335,0
DA:341,0
DA:342,0
DA:343,0
DA:345,0
DA:347,0
DA:352,0
DA:353,0
DA:355,0
DA:356,0
DA:357,0
DA:358,0
DA:359,0
DA:361,0
DA:363,0
DA:367,0
DA:368,0
DA:375,0
DA:394,0
DA:404,0
DA:415,0
DA:422,0
DA:423,0
DA:435,0
DA:449,0
DA:450,0
DA:452,0
DA:458,0
DA:461,0
DA:473,0
DA:485,0
DA:496,0
LF:181
LH:0
BRDA:65,0,0,0
BRDA:65,0,1,0
BRDA:65,1,0,0
BRDA:65,1,1,0
BRDA:69,2,0,0
BRDA:69,2,1,0
BRDA:70,3,0,0
BRDA:70,3,1,0
BRDA:75,4,0,0
BRDA:75,4,1,0
BRDA:83,5,0,0
BRDA:83,5,1,0
BRDA:84,6,0,0
BRDA:84,6,1,0
BRDA:85,7,0,0
BRDA:85,7,1,0
BRDA:86,8,0,0
BRDA:86,8,1,0
BRDA:87,9,0,0
BRDA:87,9,1,0
BRDA:94,10,0,0
BRDA:94,10,1,0
BRDA:95,11,0,0
BRDA:95,11,1,0
BRDA:96,12,0,0
BRDA:96,12,1,0
BRDA:101,13,0,0
BRDA:101,13,1,0
BRDA:106,14,0,0
BRDA:106,14,1,0
BRDA:116,15,0,0
BRDA:116,15,1,0
BRDA:117,16,0,0
BRDA:117,16,1,0
BRDA:118,17,0,0
BRDA:118,17,1,0
BRDA:119,18,0,0
BRDA:119,18,1,0
BRDA:120,19,0,0
BRDA:120,19,1,0
BRDA:121,20,0,0
BRDA:121,20,1,0
BRDA:157,21,0,0
BRDA:157,21,1,0
BRDA:171,22,0,0
BRDA:171,22,1,0
BRDA:176,23,0,0
BRDA:176,23,1,0
BRDA:177,24,0,0
BRDA:177,24,1,0
BRDA:180,25,0,0
BRDA:180,25,1,0
BRDA:184,26,0,0
BRDA:184,26,1,0
BRDA:200,27,0,0
BRDA:200,27,1,0
BRDA:200,28,0,0
BRDA:200,28,1,0
BRDA:201,29,0,0
BRDA:201,29,1,0
BRDA:202,30,0,0
BRDA:202,30,1,0
BRDA:203,31,0,0
BRDA:203,31,1,0
BRDA:204,32,0,0
BRDA:204,32,1,0
BRDA:221,33,0,0
BRDA:221,33,1,0
BRDA:231,34,0,0
BRDA:231,34,1,0
BRDA:236,35,0,0
BRDA:236,35,1,0
BRDA:242,36,0,0
BRDA:242,36,1,0
BRDA:242,37,0,0
BRDA:242,37,1,0
BRDA:247,38,0,0
BRDA:247,38,1,0
BRDA:252,39,0,0
BRDA:252,39,1,0
BRDA:252,40,0,0
BRDA:252,40,1,0
BRDA:252,40,2,0
BRDA:257,41,0,0
BRDA:257,41,1,0
BRDA:262,42,0,0
BRDA:262,42,1,0
BRDA:267,43,0,0
BRDA:267,43,1,0
BRDA:272,44,0,0
BRDA:272,44,1,0
BRDA:277,45,0,0
BRDA:277,45,1,0
BRDA:286,46,0,0
BRDA:286,46,1,0
BRDA:357,47,0,0
BRDA:357,47,1,0
BRDA:367,48,0,0
BRDA:367,48,1,0
BRDA:383,49,0,0
BRDA:383,49,1,0
BRDA:398,50,0,0
BRDA:398,50,1,0
BRDA:408,51,0,0
BRDA:408,51,1,0
BRDA:419,52,0,0
BRDA:419,52,1,0
BRDA:455,53,0,0
BRDA:455,53,1,0
BRDA:467,54,0,0
BRDA:467,54,1,0
BRDA:467,54,2,0
BRDA:467,54,3,0
BRF:113
BRH:0
end_of_record
TN:
SF:src\pages\transactions\types.ts
FNF:0
FNH:0
LF:0
LH:0
BRF:0
BRH:0
end_of_record
TN:
SF:src\pages\transactions\components\MoveToPocketModal.tsx
FN:28,buildDefault
FN:38,MoveToPocketModal
FN:50,(anonymous_2)
FN:51,(anonymous_3)
FN:52,(anonymous_4)
FN:55,(anonymous_5)
FN:58,handleSubmit
FN:118,(anonymous_7)
FN:118,(anonymous_8)
FN:121,(anonymous_9)
FN:134,(anonymous_10)
FN:134,(anonymous_11)
FN:144,(anonymous_12)
FN:158,(anonymous_13)
FN:158,(anonymous_14)
FN:175,(anonymous_15)
FN:175,(anonymous_16)
FN:182,(anonymous_17)
FN:182,(anonymous_18)
FNF:19
FNH:0
FNDA:0,buildDefault
FNDA:0,MoveToPocketModal
FNDA:0,(anonymous_2)
FNDA:0,(anonymous_3)
FNDA:0,(anonymous_4)
FNDA:0,(anonymous_5)
FNDA:0,handleSubmit
FNDA:0,(anonymous_7)
FNDA:0,(anonymous_8)
FNDA:0,(anonymous_9)
FNDA:0,(anonymous_10)
FNDA:0,(anonymous_11)
FNDA:0,(anonymous_12)
FNDA:0,(anonymous_13)
FNDA:0,(anonymous_14)
FNDA:0,(anonymous_15)
FNDA:0,(anonymous_16)
FNDA:0,(anonymous_17)
FNDA:0,(anonymous_18)
DA:29,0
DA:46,0
DA:47,0
DA:48,0
DA:50,0
DA:51,0
DA:52,0
DA:54,0
DA:55,0
DA:59,0
DA:61,0
DA:62,0
DA:63,0
DA:65,0
DA:66,0
DA:67,0
DA:69,0
DA:70,0
DA:71,0
DA:72,0
DA:74,0
DA:75,0
DA:76,0
DA:78,0
DA:79,0
DA:80,0
DA:83,0
DA:86,0
DA:118,0
DA:121,0
DA:134,0
DA:144,0
DA:158,0
DA:175,0
DA:182,0
LF:35
LH:0
BRDA:50,0,0,0
BRDA:50,0,1,0
BRDA:51,1,0,0
BRDA:51,1,1,0
BRDA:54,2,0,0
BRDA:54,2,1,0
BRDA:61,3,0,0
BRDA:61,3,1,0
BRDA:65,4,0,0
BRDA:65,4,1,0
BRDA:70,5,0,0
BRDA:70,5,1,0
BRDA:70,6,0,0
BRDA:70,6,1,0
BRDA:74,7,0,0
BRDA:74,7,1,0
BRDA:78,8,0,0
BRDA:78,8,1,0
BRDA:138,9,0,0
BRDA:138,9,1,0
BRDA:139,10,0,0
BRDA:139,10,1,0
BRDA:150,11,0,0
BRDA:150,11,1,0
BRDA:159,12,0,0
BRDA:159,12,1,0
BRDA:167,13,0,0
BRDA:167,13,1,0
BRDA:189,14,0,0
BRDA:189,14,1,0
BRF:30
BRH:0
end_of_record
TN:
SF:src\pages\transactions\components\TransactionEditModal.tsx
FN:21,TransactionEditModal
FNF:1
FNH:0
FNDA:0,TransactionEditModal
DA:33,0
LF:1
LH:0
BRF:0
BRH:0
end_of_record
TN:
SF:src\pages\transactions\components\TransactionFormCard.tsx
FN:24,RegisterModeIcon
FN:33,EditModeIcon
FN:42,TransactionFormCard
FN:94,(anonymous_3)
FN:94,(anonymous_4)
FN:105,(anonymous_5)
FN:105,(anonymous_6)
FN:124,(anonymous_7)
FN:124,(anonymous_8)
FN:136,(anonymous_9)
FN:136,(anonymous_10)
FN:139,(anonymous_11)
FN:150,(anonymous_12)
FN:150,(anonymous_13)
FN:153,(anonymous_14)
FN:164,(anonymous_15)
FN:164,(anonymous_16)
FN:171,(anonymous_17)
FN:171,(anonymous_18)
FNF:19
FNH:0
FNDA:0,RegisterModeIcon
FNDA:0,EditModeIcon
FNDA:0,TransactionFormCard
FNDA:0,(anonymous_3)
FNDA:0,(anonymous_4)
FNDA:0,(anonymous_5)
FNDA:0,(anonymous_6)
FNDA:0,(anonymous_7)
FNDA:0,(anonymous_8)
FNDA:0,(anonymous_9)
FNDA:0,(anonymous_10)
FNDA:0,(anonymous_11)
FNDA:0,(anonymous_12)
FNDA:0,(anonymous_13)
FNDA:0,(anonymous_14)
FNDA:0,(anonymous_15)
FNDA:0,(anonymous_16)
FNDA:0,(anonymous_17)
FNDA:0,(anonymous_18)
DA:25,0
DA:34,0
DA:54,0
DA:55,0
DA:56,0
DA:58,0
DA:61,0
DA:64,0
DA:65,0
DA:69,0
DA:94,0
DA:105,0
DA:124,0
DA:136,0
DA:139,0
DA:150,0
DA:153,0
DA:164,0
DA:171,0
LF:19
LH:0
BRDA:55,0,0,0
BRDA:55,0,1,0
BRDA:58,1,0,0
BRDA:58,1,1,0
BRDA:61,2,0,0
BRDA:61,2,1,0
BRDA:64,3,0,0
BRDA:64,3,1,0
BRDA:65,4,0,0
BRDA:65,4,1,0
BRDA:75,5,0,0
BRDA:75,5,1,0
BRDA:79,6,0,0
BRDA:79,6,1,0
BRDA:82,7,0,0
BRDA:82,7,1,0
BRDA:177,8,0,0
BRDA:177,8,1,0
BRF:18
BRH:0
end_of_record
TN:
SF:src\pages\transactions\components\TransactionsFiltersCard.tsx
FN:20,TransactionsFiltersCard
FN:37,(anonymous_1)
FN:37,(anonymous_2)
FN:47,(anonymous_3)
FN:47,(anonymous_4)
FN:63,(anonymous_5)
FN:63,(anonymous_6)
FN:79,(anonymous_7)
FN:79,(anonymous_8)
FN:82,(anonymous_9)
FN:94,(anonymous_10)
FN:94,(anonymous_11)
FN:115,(anonymous_12)
FN:115,(anonymous_13)
FN:122,(anonymous_14)
FN:122,(anonymous_15)
FNF:16
FNH:0
FNDA:0,TransactionsFiltersCard
FNDA:0,(anonymous_1)
FNDA:0,(anonymous_2)
FNDA:0,(anonymous_3)
FNDA:0,(anonymous_4)
FNDA:0,(anonymous_5)
FNDA:0,(anonymous_6)
FNDA:0,(anonymous_7)
FNDA:0,(anonymous_8)
FNDA:0,(anonymous_9)
FNDA:0,(anonymous_10)
FNDA:0,(anonymous_11)
FNDA:0,(anonymous_12)
FNDA:0,(anonymous_13)
FNDA:0,(anonymous_14)
FNDA:0,(anonymous_15)
DA:29,0
DA:30,0
DA:37,0
DA:47,0
DA:63,0
DA:79,0
DA:82,0
DA:94,0
DA:115,0
DA:122,0
LF:10
LH:0
BRDA:109,0,0,0
BRDA:109,0,1,0
BRDA:114,1,0,0
BRDA:114,1,1,0
BRDA:117,2,0,0
BRDA:117,2,1,0
BRDA:121,3,0,0
BRDA:121,3,1,0
BRDA:123,4,0,0
BRDA:123,4,1,0
BRF:10
BRH:0
end_of_record
TN:
SF:src\pages\transactions\components\TransactionsHistoryCard.tsx
FN:35,TransactionsHistoryCard
FN:62,isTransferTransaction
FN:118,(anonymous_2)
FN:164,(anonymous_3)
FN:229,(anonymous_4)
FN:233,(anonymous_5)
FN:235,(anonymous_6)
FNF:7
FNH:0
FNDA:0,TransactionsHistoryCard
FNDA:0,isTransferTransaction
FNDA:0,(anonymous_2)
FNDA:0,(anonymous_3)
FNDA:0,(anonymous_4)
FNDA:0,(anonymous_5)
FNDA:0,(anonymous_6)
DA:59,0
DA:63,0
DA:67,0
DA:68,0
DA:95,0
DA:119,0
DA:165,0
DA:166,0
DA:167,0
DA:229,0
DA:233,0
DA:235,0
LF:12
LH:0
BRDA:89,0,0,0
BRDA:89,0,1,0
BRDA:109,1,0,0
BRDA:109,1,1,0
BRDA:130,2,0,0
BRDA:130,2,1,0
BRDA:211,3,0,0
BRDA:211,3,1,0
BRDA:218,4,0,0
BRDA:218,4,1,0
BRDA:219,5,0,0
BRDA:219,5,1,0
BRDA:227,6,0,0
BRDA:227,6,1,0
BRF:14
BRH:0
end_of_record
TN:
SF:src\pages\transactions\components\TransferModal.tsx
FN:27,buildDefault
FN:37,TransferModal
FN:48,(anonymous_2)
FN:49,(anonymous_3)
FN:53,(anonymous_4)
FN:61,handleFromChange
FN:62,(anonymous_6)
FN:67,(anonymous_7)
FN:68,(anonymous_8)
FN:74,handleSubmit
FN:143,(anonymous_10)
FN:158,(anonymous_11)
FN:158,(anonymous_12)
FN:168,(anonymous_13)
FN:182,(anonymous_14)
FN:182,(anonymous_15)
FN:200,(anonymous_16)
FN:200,(anonymous_17)
FN:207,(anonymous_18)
FN:207,(anonymous_19)
FNF:20
FNH:0
FNDA:0,buildDefault
FNDA:0,TransferModal
FNDA:0,(anonymous_2)
FNDA:0,(anonymous_3)
FNDA:0,(anonymous_4)
FNDA:0,handleFromChange
FNDA:0,(anonymous_6)
FNDA:0,(anonymous_7)
FNDA:0,(anonymous_8)
FNDA:0,handleSubmit
FNDA:0,(anonymous_10)
FNDA:0,(anonymous_11)
FNDA:0,(anonymous_12)
FNDA:0,(anonymous_13)
FNDA:0,(anonymous_14)
FNDA:0,(anonymous_15)
FNDA:0,(anonymous_16)
FNDA:0,(anonymous_17)
FNDA:0,(anonymous_18)
FNDA:0,(anonymous_19)
DA:28,0
DA:44,0
DA:45,0
DA:46,0
DA:48,0
DA:49,0
DA:50,0
DA:53,0
DA:54,0
DA:57,0
DA:62,0
DA:67,0
DA:68,0
DA:75,0
DA:77,0
DA:78,0
DA:79,0
DA:81,0
DA:82,0
DA:83,0
DA:85,0
DA:86,0
DA:87,0
DA:89,0
DA:90,0
DA:91,0
DA:92,0
DA:94,0
DA:95,0
DA:96,0
DA:98,0
DA:99,0
DA:100,0
DA:103,0
DA:106,0
DA:143,0
DA:158,0
DA:168,0
DA:182,0
DA:200,0
DA:207,0
LF:41
LH:0
BRDA:48,0,0,0
BRDA:48,0,1,0
BRDA:49,1,0,0
BRDA:49,1,1,0
BRDA:50,2,0,0
BRDA:50,2,1,0
BRDA:54,3,0,0
BRDA:54,3,1,0
BRDA:54,3,2,0
BRDA:57,4,0,0
BRDA:57,4,1,0
BRDA:57,5,0,0
BRDA:57,5,1,0
BRDA:67,6,0,0
BRDA:67,6,1,0
BRDA:67,7,0,0
BRDA:67,7,1,0
BRDA:77,8,0,0
BRDA:77,8,1,0
BRDA:81,9,0,0
BRDA:81,9,1,0
BRDA:85,10,0,0
BRDA:85,10,1,0
BRDA:90,11,0,0
BRDA:90,11,1,0
BRDA:90,12,0,0
BRDA:90,12,1,0
BRDA:94,13,0,0
BRDA:94,13,1,0
BRDA:98,14,0,0
BRDA:98,14,1,0
BRDA:162,15,0,0
BRDA:162,15,1,0
BRDA:163,16,0,0
BRDA:163,16,1,0
BRDA:165,17,0,0
BRDA:165,17,1,0
BRDA:174,18,0,0
BRDA:174,18,1,0
BRDA:183,19,0,0
BRDA:183,19,1,0
BRDA:215,20,0,0
BRDA:215,20,1,0
BRF:43
BRH:0
end_of_record
TN:
SF:src\store\authStore.ts
FN:19,(anonymous_0)
FN:22,(anonymous_1)
FN:24,(anonymous_2)
FNF:3
FNH:1
FNDA:1,(anonymous_0)
FNDA:0,(anonymous_1)
FNDA:0,(anonymous_2)
DA:17,1
DA:19,1
DA:22,0
DA:24,0
LF:4
LH:2
BRF:0
BRH:0
end_of_record
